mode: set
github.com/retutils/gomitmproxy/internal/helper/helper.go:16.74,21.16 4 0
github.com/retutils/gomitmproxy/internal/helper/helper.go:21.16,23.3 1 0
github.com/retutils/gomitmproxy/internal/helper/helper.go:26.2,26.31 1 0
github.com/retutils/gomitmproxy/internal/helper/helper.go:26.31,29.3 1 0
github.com/retutils/gomitmproxy/internal/helper/helper.go:32.2,32.30 1 0
github.com/retutils/gomitmproxy/internal/helper/helper.go:35.62,37.16 2 0
github.com/retutils/gomitmproxy/internal/helper/helper.go:37.16,39.3 1 0
github.com/retutils/gomitmproxy/internal/helper/helper.go:40.2,40.48 1 0
github.com/retutils/gomitmproxy/internal/helper/helper.go:40.48,42.3 1 0
github.com/retutils/gomitmproxy/internal/helper/helper.go:43.2,43.12 1 0
github.com/retutils/gomitmproxy/internal/helper/helper.go:53.41,55.16 2 0
github.com/retutils/gomitmproxy/internal/helper/helper.go:55.16,57.3 1 0
github.com/retutils/gomitmproxy/internal/helper/helper.go:58.2,58.47 1 0
github.com/retutils/gomitmproxy/internal/helper/helper.go:62.29,63.56 1 0
github.com/retutils/gomitmproxy/internal/helper/helper.go:63.56,65.3 1 0
github.com/retutils/gomitmproxy/internal/helper/helper.go:65.8,67.3 1 0
github.com/retutils/gomitmproxy/internal/helper/helper.go:75.66,79.2 1 0
github.com/retutils/gomitmproxy/internal/helper/helper.go:81.53,84.2 2 0
github.com/retutils/gomitmproxy/internal/helper/helper.go:86.58,89.2 2 0
github.com/retutils/gomitmproxy/internal/helper/host.go:6.53,8.29 2 1
github.com/retutils/gomitmproxy/internal/helper/host.go:8.29,10.59 2 1
github.com/retutils/gomitmproxy/internal/helper/host.go:10.59,12.4 1 1
github.com/retutils/gomitmproxy/internal/helper/host.go:14.2,14.14 1 1
github.com/retutils/gomitmproxy/internal/helper/host.go:17.52,18.14 1 1
github.com/retutils/gomitmproxy/internal/helper/host.go:18.14,20.3 1 0
github.com/retutils/gomitmproxy/internal/helper/host.go:21.2,21.32 1 1
github.com/retutils/gomitmproxy/internal/helper/host.go:21.32,23.3 1 1
github.com/retutils/gomitmproxy/internal/helper/host.go:24.2,24.22 1 1
github.com/retutils/gomitmproxy/internal/helper/host.go:27.53,29.17 2 1
github.com/retutils/gomitmproxy/internal/helper/host.go:29.17,31.3 1 1
github.com/retutils/gomitmproxy/internal/helper/host.go:32.2,32.43 1 1
github.com/retutils/gomitmproxy/internal/helper/proxy.go:20.111,22.33 2 0
github.com/retutils/gomitmproxy/internal/helper/proxy.go:22.33,25.27 2 0
github.com/retutils/gomitmproxy/internal/helper/proxy.go:25.27,30.4 4 0
github.com/retutils/gomitmproxy/internal/helper/proxy.go:31.3,32.17 2 0
github.com/retutils/gomitmproxy/internal/helper/proxy.go:32.17,34.4 1 0
github.com/retutils/gomitmproxy/internal/helper/proxy.go:35.3,39.17 3 0
github.com/retutils/gomitmproxy/internal/helper/proxy.go:39.17,42.4 2 0
github.com/retutils/gomitmproxy/internal/helper/proxy.go:43.3,43.19 1 0
github.com/retutils/gomitmproxy/internal/helper/proxy.go:44.8,46.17 2 0
github.com/retutils/gomitmproxy/internal/helper/proxy.go:46.17,48.4 1 0
github.com/retutils/gomitmproxy/internal/helper/proxy.go:50.3,50.33 1 0
github.com/retutils/gomitmproxy/internal/helper/proxy.go:50.33,59.56 3 0
github.com/retutils/gomitmproxy/internal/helper/proxy.go:59.56,62.5 2 0
github.com/retutils/gomitmproxy/internal/helper/proxy.go:63.4,63.18 1 0
github.com/retutils/gomitmproxy/internal/helper/proxy.go:65.3,71.27 2 0
github.com/retutils/gomitmproxy/internal/helper/proxy.go:71.27,73.4 1 0
github.com/retutils/gomitmproxy/internal/helper/proxy.go:74.3,79.13 5 0
github.com/retutils/gomitmproxy/internal/helper/proxy.go:79.13,82.18 3 0
github.com/retutils/gomitmproxy/internal/helper/proxy.go:82.18,84.5 1 0
github.com/retutils/gomitmproxy/internal/helper/proxy.go:87.4,88.49 2 0
github.com/retutils/gomitmproxy/internal/helper/proxy.go:90.3,90.10 1 0
github.com/retutils/gomitmproxy/internal/helper/proxy.go:91.28,94.32 3 0
github.com/retutils/gomitmproxy/internal/helper/proxy.go:95.26,95.26 0 0
github.com/retutils/gomitmproxy/internal/helper/proxy.go:98.3,98.17 1 0
github.com/retutils/gomitmproxy/internal/helper/proxy.go:98.17,101.4 2 0
github.com/retutils/gomitmproxy/internal/helper/proxy.go:102.3,102.29 1 0
github.com/retutils/gomitmproxy/internal/helper/proxy.go:102.29,105.11 3 0
github.com/retutils/gomitmproxy/internal/helper/proxy.go:105.11,107.5 1 0
github.com/retutils/gomitmproxy/internal/helper/proxy.go:108.4,108.32 1 0
github.com/retutils/gomitmproxy/internal/helper/proxy.go:110.3,110.19 1 0
github.com/retutils/gomitmproxy/internal/helper/tls.go:15.37,16.26 1 0
github.com/retutils/gomitmproxy/internal/helper/tls.go:16.26,18.20 2 0
github.com/retutils/gomitmproxy/internal/helper/tls.go:18.20,20.4 1 0
github.com/retutils/gomitmproxy/internal/helper/tls.go:22.3,23.17 2 0
github.com/retutils/gomitmproxy/internal/helper/tls.go:23.17,26.4 2 0
github.com/retutils/gomitmproxy/internal/helper/tls.go:28.3,28.27 1 0
github.com/retutils/gomitmproxy/internal/helper/tls.go:30.2,30.24 1 0
github.com/retutils/gomitmproxy/cert/self_sign_ca.go:44.63,46.16 2 1
github.com/retutils/gomitmproxy/cert/self_sign_ca.go:46.16,48.3 1 0
github.com/retutils/gomitmproxy/cert/self_sign_ca.go:50.2,75.16 3 1
github.com/retutils/gomitmproxy/cert/self_sign_ca.go:75.16,77.3 1 0
github.com/retutils/gomitmproxy/cert/self_sign_ca.go:78.2,79.16 2 1
github.com/retutils/gomitmproxy/cert/self_sign_ca.go:79.16,81.3 1 0
github.com/retutils/gomitmproxy/cert/self_sign_ca.go:83.2,83.23 1 1
github.com/retutils/gomitmproxy/cert/self_sign_ca.go:87.40,89.16 2 1
github.com/retutils/gomitmproxy/cert/self_sign_ca.go:89.16,91.3 1 0
github.com/retutils/gomitmproxy/cert/self_sign_ca.go:92.2,98.8 1 1
github.com/retutils/gomitmproxy/cert/self_sign_ca.go:102.45,104.16 2 1
github.com/retutils/gomitmproxy/cert/self_sign_ca.go:104.16,106.3 1 0
github.com/retutils/gomitmproxy/cert/self_sign_ca.go:108.2,114.34 2 1
github.com/retutils/gomitmproxy/cert/self_sign_ca.go:114.34,115.27 1 1
github.com/retutils/gomitmproxy/cert/self_sign_ca.go:115.27,117.4 1 0
github.com/retutils/gomitmproxy/cert/self_sign_ca.go:118.8,121.3 2 1
github.com/retutils/gomitmproxy/cert/self_sign_ca.go:123.2,123.36 1 1
github.com/retutils/gomitmproxy/cert/self_sign_ca.go:123.36,125.3 1 0
github.com/retutils/gomitmproxy/cert/self_sign_ca.go:126.2,127.16 2 1
github.com/retutils/gomitmproxy/cert/self_sign_ca.go:130.48,131.16 1 1
github.com/retutils/gomitmproxy/cert/self_sign_ca.go:131.16,133.17 2 1
github.com/retutils/gomitmproxy/cert/self_sign_ca.go:133.17,135.4 1 0
github.com/retutils/gomitmproxy/cert/self_sign_ca.go:136.3,136.46 1 1
github.com/retutils/gomitmproxy/cert/self_sign_ca.go:139.2,139.27 1 1
github.com/retutils/gomitmproxy/cert/self_sign_ca.go:139.27,141.17 2 0
github.com/retutils/gomitmproxy/cert/self_sign_ca.go:141.17,143.4 1 0
github.com/retutils/gomitmproxy/cert/self_sign_ca.go:144.3,144.34 1 0
github.com/retutils/gomitmproxy/cert/self_sign_ca.go:147.2,148.16 2 1
github.com/retutils/gomitmproxy/cert/self_sign_ca.go:148.16,149.25 1 0
github.com/retutils/gomitmproxy/cert/self_sign_ca.go:149.25,151.18 2 0
github.com/retutils/gomitmproxy/cert/self_sign_ca.go:151.18,153.5 1 0
github.com/retutils/gomitmproxy/cert/self_sign_ca.go:154.9,156.4 1 0
github.com/retutils/gomitmproxy/cert/self_sign_ca.go:157.8,158.27 1 1
github.com/retutils/gomitmproxy/cert/self_sign_ca.go:158.27,160.4 1 0
github.com/retutils/gomitmproxy/cert/self_sign_ca.go:163.2,163.18 1 1
github.com/retutils/gomitmproxy/cert/self_sign_ca.go:167.39,169.2 1 1
github.com/retutils/gomitmproxy/cert/self_sign_ca.go:172.43,174.2 1 1
github.com/retutils/gomitmproxy/cert/self_sign_ca.go:176.46,178.2 1 1
github.com/retutils/gomitmproxy/cert/self_sign_ca.go:180.36,183.16 3 1
github.com/retutils/gomitmproxy/cert/self_sign_ca.go:183.16,184.25 1 1
github.com/retutils/gomitmproxy/cert/self_sign_ca.go:184.25,186.4 1 1
github.com/retutils/gomitmproxy/cert/self_sign_ca.go:187.3,187.13 1 0
github.com/retutils/gomitmproxy/cert/self_sign_ca.go:190.2,190.30 1 1
github.com/retutils/gomitmproxy/cert/self_sign_ca.go:190.30,192.3 1 0
github.com/retutils/gomitmproxy/cert/self_sign_ca.go:194.2,195.16 2 1
github.com/retutils/gomitmproxy/cert/self_sign_ca.go:195.16,197.3 1 0
github.com/retutils/gomitmproxy/cert/self_sign_ca.go:199.2,200.24 2 1
github.com/retutils/gomitmproxy/cert/self_sign_ca.go:200.24,202.3 1 0
github.com/retutils/gomitmproxy/cert/self_sign_ca.go:203.2,204.25 2 1
github.com/retutils/gomitmproxy/cert/self_sign_ca.go:204.25,206.3 1 0
github.com/retutils/gomitmproxy/cert/self_sign_ca.go:208.2,210.16 3 1
github.com/retutils/gomitmproxy/cert/self_sign_ca.go:210.16,212.72 1 0
github.com/retutils/gomitmproxy/cert/self_sign_ca.go:212.72,214.18 2 0
github.com/retutils/gomitmproxy/cert/self_sign_ca.go:214.18,216.5 1 0
github.com/retutils/gomitmproxy/cert/self_sign_ca.go:217.9,219.4 1 0
github.com/retutils/gomitmproxy/cert/self_sign_ca.go:220.8,221.41 1 1
github.com/retutils/gomitmproxy/cert/self_sign_ca.go:221.41,223.4 1 1
github.com/retutils/gomitmproxy/cert/self_sign_ca.go:223.9,225.4 1 0
github.com/retutils/gomitmproxy/cert/self_sign_ca.go:227.2,230.16 3 1
github.com/retutils/gomitmproxy/cert/self_sign_ca.go:230.16,232.3 1 0
github.com/retutils/gomitmproxy/cert/self_sign_ca.go:233.2,235.12 2 1
github.com/retutils/gomitmproxy/cert/self_sign_ca.go:238.38,240.16 2 1
github.com/retutils/gomitmproxy/cert/self_sign_ca.go:240.16,242.3 1 0
github.com/retutils/gomitmproxy/cert/self_sign_ca.go:244.2,247.34 3 1
github.com/retutils/gomitmproxy/cert/self_sign_ca.go:247.34,249.3 1 0
github.com/retutils/gomitmproxy/cert/self_sign_ca.go:250.2,250.22 1 1
github.com/retutils/gomitmproxy/cert/self_sign_ca.go:253.51,255.16 2 1
github.com/retutils/gomitmproxy/cert/self_sign_ca.go:255.16,257.3 1 0
github.com/retutils/gomitmproxy/cert/self_sign_ca.go:258.2,259.16 2 1
github.com/retutils/gomitmproxy/cert/self_sign_ca.go:259.16,261.3 1 0
github.com/retutils/gomitmproxy/cert/self_sign_ca.go:263.2,263.81 1 1
github.com/retutils/gomitmproxy/cert/self_sign_ca.go:266.55,268.2 1 1
github.com/retutils/gomitmproxy/cert/self_sign_ca.go:270.36,272.16 2 1
github.com/retutils/gomitmproxy/cert/self_sign_ca.go:272.16,274.3 1 0
github.com/retutils/gomitmproxy/cert/self_sign_ca.go:275.2,276.24 2 1
github.com/retutils/gomitmproxy/cert/self_sign_ca.go:279.40,281.16 2 1
github.com/retutils/gomitmproxy/cert/self_sign_ca.go:281.16,283.3 1 0
github.com/retutils/gomitmproxy/cert/self_sign_ca.go:284.2,286.16 3 1
github.com/retutils/gomitmproxy/cert/self_sign_ca.go:286.16,288.3 1 0
github.com/retutils/gomitmproxy/cert/self_sign_ca.go:290.2,291.16 2 1
github.com/retutils/gomitmproxy/cert/self_sign_ca.go:291.16,293.3 1 0
github.com/retutils/gomitmproxy/cert/self_sign_ca.go:294.2,296.16 3 1
github.com/retutils/gomitmproxy/cert/self_sign_ca.go:296.16,298.3 1 0
github.com/retutils/gomitmproxy/cert/self_sign_ca.go:299.2,299.12 1 1
github.com/retutils/gomitmproxy/cert/self_sign_ca.go:302.53,304.2 1 1
github.com/retutils/gomitmproxy/cert/self_sign_ca.go:306.76,308.45 2 1
github.com/retutils/gomitmproxy/cert/self_sign_ca.go:308.45,312.3 3 1
github.com/retutils/gomitmproxy/cert/self_sign_ca.go:313.2,315.66 2 1
github.com/retutils/gomitmproxy/cert/self_sign_ca.go:315.66,317.17 2 1
github.com/retutils/gomitmproxy/cert/self_sign_ca.go:317.17,321.4 3 1
github.com/retutils/gomitmproxy/cert/self_sign_ca.go:322.3,322.19 1 1
github.com/retutils/gomitmproxy/cert/self_sign_ca.go:325.2,325.16 1 1
github.com/retutils/gomitmproxy/cert/self_sign_ca.go:325.16,327.3 1 0
github.com/retutils/gomitmproxy/cert/self_sign_ca.go:329.2,329.36 1 1
github.com/retutils/gomitmproxy/cert/self_sign_ca.go:333.78,348.15 4 1
github.com/retutils/gomitmproxy/cert/self_sign_ca.go:348.15,350.3 1 0
github.com/retutils/gomitmproxy/cert/self_sign_ca.go:350.8,352.3 1 1
github.com/retutils/gomitmproxy/cert/self_sign_ca.go:354.2,355.16 2 1
github.com/retutils/gomitmproxy/cert/self_sign_ca.go:355.16,357.3 1 0
github.com/retutils/gomitmproxy/cert/self_sign_ca.go:359.2,364.18 2 1
github.com/retutils/gomitmproxy/web/conn.go:31.49,37.2 1 1
github.com/retutils/gomitmproxy/web/conn.go:39.60,44.45 4 1
github.com/retutils/gomitmproxy/web/conn.go:44.45,46.3 1 0
github.com/retutils/gomitmproxy/web/conn.go:47.2,49.16 3 1
github.com/retutils/gomitmproxy/web/conn.go:49.16,52.3 2 0
github.com/retutils/gomitmproxy/web/conn.go:53.2,54.16 2 1
github.com/retutils/gomitmproxy/web/conn.go:54.16,57.3 2 0
github.com/retutils/gomitmproxy/web/conn.go:60.68,68.16 6 1
github.com/retutils/gomitmproxy/web/conn.go:68.16,71.3 2 1
github.com/retutils/gomitmproxy/web/conn.go:74.79,75.32 1 1
github.com/retutils/gomitmproxy/web/conn.go:75.32,77.3 1 1
github.com/retutils/gomitmproxy/web/conn.go:79.2,82.16 4 1
github.com/retutils/gomitmproxy/web/conn.go:82.16,85.3 2 0
github.com/retutils/gomitmproxy/web/conn.go:87.2,87.28 1 1
github.com/retutils/gomitmproxy/web/conn.go:87.28,89.3 1 1
github.com/retutils/gomitmproxy/web/conn.go:92.57,97.16 5 1
github.com/retutils/gomitmproxy/web/conn.go:97.16,100.3 2 0
github.com/retutils/gomitmproxy/web/conn.go:103.37,104.6 1 1
github.com/retutils/gomitmproxy/web/conn.go:104.6,106.17 2 1
github.com/retutils/gomitmproxy/web/conn.go:106.17,108.9 2 1
github.com/retutils/gomitmproxy/web/conn.go:111.3,111.36 1 1
github.com/retutils/gomitmproxy/web/conn.go:111.36,113.12 2 0
github.com/retutils/gomitmproxy/web/conn.go:116.3,117.17 2 1
github.com/retutils/gomitmproxy/web/conn.go:117.17,119.12 2 0
github.com/retutils/gomitmproxy/web/conn.go:122.3,122.44 1 1
github.com/retutils/gomitmproxy/web/conn.go:122.44,124.51 2 1
github.com/retutils/gomitmproxy/web/conn.go:124.51,126.5 1 1
github.com/retutils/gomitmproxy/web/conn.go:127.9,127.51 1 1
github.com/retutils/gomitmproxy/web/conn.go:127.51,129.4 1 1
github.com/retutils/gomitmproxy/web/conn.go:129.9,131.4 1 0
github.com/retutils/gomitmproxy/web/conn.go:135.68,139.36 3 1
github.com/retutils/gomitmproxy/web/conn.go:139.36,141.3 1 1
github.com/retutils/gomitmproxy/web/conn.go:142.2,144.11 3 1
github.com/retutils/gomitmproxy/web/conn.go:148.76,149.73 1 1
github.com/retutils/gomitmproxy/web/conn.go:149.73,151.3 1 1
github.com/retutils/gomitmproxy/web/conn.go:153.2,153.33 1 1
github.com/retutils/gomitmproxy/web/conn.go:153.33,155.3 1 0
github.com/retutils/gomitmproxy/web/conn.go:157.2,158.37 2 1
github.com/retutils/gomitmproxy/web/conn.go:158.37,160.3 1 1
github.com/retutils/gomitmproxy/web/conn.go:160.8,162.3 1 1
github.com/retutils/gomitmproxy/web/conn.go:164.2,164.41 1 1
github.com/retutils/gomitmproxy/web/conn.go:164.41,165.21 1 1
github.com/retutils/gomitmproxy/web/conn.go:165.21,166.12 1 0
github.com/retutils/gomitmproxy/web/conn.go:168.3,168.30 1 1
github.com/retutils/gomitmproxy/web/conn.go:168.30,169.12 1 1
github.com/retutils/gomitmproxy/web/conn.go:171.3,171.59 1 1
github.com/retutils/gomitmproxy/web/conn.go:171.59,172.12 1 0
github.com/retutils/gomitmproxy/web/conn.go:174.3,174.57 1 1
github.com/retutils/gomitmproxy/web/conn.go:174.57,176.4 1 1
github.com/retutils/gomitmproxy/web/conn.go:179.2,179.14 1 1
github.com/retutils/gomitmproxy/web/conn.go:183.55,188.81 3 1
github.com/retutils/gomitmproxy/web/conn.go:188.81,193.3 2 0
github.com/retutils/gomitmproxy/web/conn.go:196.2,196.43 1 1
github.com/retutils/gomitmproxy/web/conn.go:196.43,201.3 4 1
github.com/retutils/gomitmproxy/web/conn.go:201.8,201.51 1 0
github.com/retutils/gomitmproxy/web/conn.go:201.51,205.3 3 0
github.com/retutils/gomitmproxy/web/message.go:16.54,21.2 4 1
github.com/retutils/gomitmproxy/web/message.go:23.72,25.16 2 1
github.com/retutils/gomitmproxy/web/message.go:25.16,26.13 1 0
github.com/retutils/gomitmproxy/web/message.go:28.2,36.17 8 1
github.com/retutils/gomitmproxy/web/message.go:85.36,86.36 1 1
github.com/retutils/gomitmproxy/web/message.go:86.36,87.19 1 1
github.com/retutils/gomitmproxy/web/message.go:87.19,89.4 1 1
github.com/retutils/gomitmproxy/web/message.go:91.2,91.14 1 1
github.com/retutils/gomitmproxy/web/message.go:105.77,110.15 4 1
github.com/retutils/gomitmproxy/web/message.go:111.23,113.45 2 1
github.com/retutils/gomitmproxy/web/message.go:114.26,118.33 4 1
github.com/retutils/gomitmproxy/web/message.go:119.30,120.41 1 1
github.com/retutils/gomitmproxy/web/message.go:121.27,122.24 1 1
github.com/retutils/gomitmproxy/web/message.go:122.24,124.9 2 0
github.com/retutils/gomitmproxy/web/message.go:126.3,126.42 1 1
github.com/retutils/gomitmproxy/web/message.go:127.31,128.24 1 1
github.com/retutils/gomitmproxy/web/message.go:128.24,130.9 2 0
github.com/retutils/gomitmproxy/web/message.go:132.3,132.42 1 1
github.com/retutils/gomitmproxy/web/message.go:133.10,134.43 1 0
github.com/retutils/gomitmproxy/web/message.go:137.2,137.16 1 1
github.com/retutils/gomitmproxy/web/message.go:137.16,139.3 1 0
github.com/retutils/gomitmproxy/web/message.go:141.2,145.8 1 1
github.com/retutils/gomitmproxy/web/message.go:148.67,156.2 3 1
github.com/retutils/gomitmproxy/web/message.go:158.38,164.2 5 1
github.com/retutils/gomitmproxy/web/message.go:173.49,175.20 1 1
github.com/retutils/gomitmproxy/web/message.go:175.20,178.3 2 1
github.com/retutils/gomitmproxy/web/message.go:180.2,183.16 3 1
github.com/retutils/gomitmproxy/web/message.go:183.16,186.3 2 1
github.com/retutils/gomitmproxy/web/message.go:188.2,193.73 2 1
github.com/retutils/gomitmproxy/web/message.go:193.73,195.3 1 0
github.com/retutils/gomitmproxy/web/message.go:198.2,198.20 1 1
github.com/retutils/gomitmproxy/web/message.go:198.20,201.3 2 1
github.com/retutils/gomitmproxy/web/message.go:203.2,204.25 2 1
github.com/retutils/gomitmproxy/web/message.go:204.25,207.3 2 0
github.com/retutils/gomitmproxy/web/message.go:208.2,211.29 3 1
github.com/retutils/gomitmproxy/web/message.go:211.29,214.3 2 1
github.com/retutils/gomitmproxy/web/message.go:215.2,217.39 2 1
github.com/retutils/gomitmproxy/web/message.go:217.39,220.17 3 1
github.com/retutils/gomitmproxy/web/message.go:220.17,223.4 2 1
github.com/retutils/gomitmproxy/web/message.go:224.3,225.20 2 1
github.com/retutils/gomitmproxy/web/message.go:226.8,226.47 1 0
github.com/retutils/gomitmproxy/web/message.go:226.47,229.17 3 0
github.com/retutils/gomitmproxy/web/message.go:229.17,232.4 2 0
github.com/retutils/gomitmproxy/web/message.go:233.3,234.21 2 0
github.com/retutils/gomitmproxy/web/message.go:235.8,238.3 2 0
github.com/retutils/gomitmproxy/web/message.go:240.2,240.12 1 1
github.com/retutils/gomitmproxy/web/message.go:243.38,247.41 3 1
github.com/retutils/gomitmproxy/web/message.go:247.41,249.3 1 1
github.com/retutils/gomitmproxy/web/message.go:249.8,249.49 1 0
github.com/retutils/gomitmproxy/web/message.go:249.49,251.3 1 0
github.com/retutils/gomitmproxy/web/message.go:253.2,253.20 1 1
github.com/retutils/gomitmproxy/web/message.go:261.49,265.16 4 1
github.com/retutils/gomitmproxy/web/message.go:265.16,267.3 1 0
github.com/retutils/gomitmproxy/web/message.go:269.2,272.3 1 1
github.com/retutils/gomitmproxy/web/message.go:275.38,279.16 3 1
github.com/retutils/gomitmproxy/web/message.go:279.16,280.13 1 0
github.com/retutils/gomitmproxy/web/message.go:282.2,284.20 2 1
github.com/retutils/gomitmproxy/web/message.go:287.40,288.19 1 1
github.com/retutils/gomitmproxy/web/message.go:288.19,290.3 1 1
github.com/retutils/gomitmproxy/web/message.go:292.2,292.31 1 1
github.com/retutils/gomitmproxy/web/message.go:292.31,294.3 1 1
github.com/retutils/gomitmproxy/web/message.go:296.2,296.32 1 1
github.com/retutils/gomitmproxy/web/message.go:296.32,298.3 1 1
github.com/retutils/gomitmproxy/web/message.go:300.2,302.148 2 1
github.com/retutils/gomitmproxy/web/message.go:302.148,304.17 2 1
github.com/retutils/gomitmproxy/web/message.go:304.17,306.4 1 1
github.com/retutils/gomitmproxy/web/message.go:307.3,307.13 1 1
github.com/retutils/gomitmproxy/web/message.go:308.8,308.54 1 1
github.com/retutils/gomitmproxy/web/message.go:308.54,310.3 1 1
github.com/retutils/gomitmproxy/web/message.go:310.8,313.3 2 0
github.com/retutils/gomitmproxy/web/web.go:33.41,39.43 2 1
github.com/retutils/gomitmproxy/web/web.go:39.43,41.4 1 1
github.com/retutils/gomitmproxy/web/web.go:44.2,48.16 4 1
github.com/retutils/gomitmproxy/web/web.go:48.16,49.13 1 0
github.com/retutils/gomitmproxy/web/web.go:51.2,56.12 4 1
github.com/retutils/gomitmproxy/web/web.go:59.30,62.16 3 1
github.com/retutils/gomitmproxy/web/web.go:62.16,65.3 2 0
github.com/retutils/gomitmproxy/web/web.go:66.2,68.12 2 1
github.com/retutils/gomitmproxy/web/web.go:68.12,71.48 3 1
github.com/retutils/gomitmproxy/web/web.go:71.48,73.4 1 0
github.com/retutils/gomitmproxy/web/web.go:77.30,78.26 1 1
github.com/retutils/gomitmproxy/web/web.go:78.26,80.6 1 1
github.com/retutils/gomitmproxy/web/web.go:83.67,85.16 2 1
github.com/retutils/gomitmproxy/web/web.go:85.16,88.3 2 0
github.com/retutils/gomitmproxy/web/web.go:90.2,92.15 3 1
github.com/retutils/gomitmproxy/web/web.go:92.15,95.3 2 1
github.com/retutils/gomitmproxy/web/web.go:97.2,97.17 1 1
github.com/retutils/gomitmproxy/web/web.go:100.49,104.2 3 1
github.com/retutils/gomitmproxy/web/web.go:106.55,111.30 4 1
github.com/retutils/gomitmproxy/web/web.go:111.30,112.16 1 1
github.com/retutils/gomitmproxy/web/web.go:112.16,114.9 2 1
github.com/retutils/gomitmproxy/web/web.go:118.2,118.17 1 1
github.com/retutils/gomitmproxy/web/web.go:118.17,120.3 1 0
github.com/retutils/gomitmproxy/web/web.go:121.2,121.63 1 1
github.com/retutils/gomitmproxy/web/web.go:124.67,128.21 4 1
github.com/retutils/gomitmproxy/web/web.go:128.21,130.3 1 0
github.com/retutils/gomitmproxy/web/web.go:131.2,131.26 1 1
github.com/retutils/gomitmproxy/web/web.go:131.26,133.3 1 1
github.com/retutils/gomitmproxy/web/web.go:134.2,134.13 1 1
github.com/retutils/gomitmproxy/web/web.go:137.89,142.21 4 1
github.com/retutils/gomitmproxy/web/web.go:142.21,144.3 1 0
github.com/retutils/gomitmproxy/web/web.go:146.2,147.16 2 1
github.com/retutils/gomitmproxy/web/web.go:147.16,150.3 2 0
github.com/retutils/gomitmproxy/web/web.go:151.2,151.26 1 1
github.com/retutils/gomitmproxy/web/web.go:151.26,153.3 1 1
github.com/retutils/gomitmproxy/web/web.go:156.52,161.12 4 1
github.com/retutils/gomitmproxy/web/web.go:161.12,168.3 5 1
github.com/retutils/gomitmproxy/web/web.go:170.2,170.34 1 1
github.com/retutils/gomitmproxy/web/web.go:170.34,171.43 1 1
github.com/retutils/gomitmproxy/web/web.go:171.43,173.4 1 1
github.com/retutils/gomitmproxy/web/web.go:177.45,178.47 1 1
github.com/retutils/gomitmproxy/web/web.go:178.47,179.55 1 1
github.com/retutils/gomitmproxy/web/web.go:179.55,181.4 1 1
github.com/retutils/gomitmproxy/web/web.go:182.3,182.55 1 1
github.com/retutils/gomitmproxy/web/web.go:182.55,184.4 1 1
github.com/retutils/gomitmproxy/web/web.go:188.53,189.35 1 1
github.com/retutils/gomitmproxy/web/web.go:189.35,190.43 1 0
github.com/retutils/gomitmproxy/web/web.go:190.43,192.4 1 0
github.com/retutils/gomitmproxy/web/web.go:195.2,195.49 1 1
github.com/retutils/gomitmproxy/web/web.go:198.46,199.48 1 1
github.com/retutils/gomitmproxy/web/web.go:199.48,200.55 1 0
github.com/retutils/gomitmproxy/web/web.go:200.55,202.4 1 0
github.com/retutils/gomitmproxy/web/web.go:203.3,203.55 1 0
github.com/retutils/gomitmproxy/web/web.go:203.55,205.4 1 0
github.com/retutils/gomitmproxy/web/web.go:209.69,210.42 1 1
github.com/retutils/gomitmproxy/web/web.go:210.42,212.3 1 1
github.com/retutils/gomitmproxy/web/web.go:215.72,220.21 4 1
github.com/retutils/gomitmproxy/web/web.go:220.21,222.3 1 0
github.com/retutils/gomitmproxy/web/web.go:224.2,224.26 1 1
github.com/retutils/gomitmproxy/web/web.go:224.26,225.29 1 1
github.com/retutils/gomitmproxy/web/web.go:225.29,227.4 1 1
github.com/retutils/gomitmproxy/web/web.go:229.2,229.14 1 1
github.com/retutils/gomitmproxy/web/web.go:232.67,237.21 4 1
github.com/retutils/gomitmproxy/web/web.go:237.21,239.3 1 0
github.com/retutils/gomitmproxy/web/web.go:241.2,242.16 2 1
github.com/retutils/gomitmproxy/web/web.go:242.16,245.3 2 0
github.com/retutils/gomitmproxy/web/web.go:246.2,246.26 1 1
github.com/retutils/gomitmproxy/web/web.go:246.26,248.3 1 1
github.com/retutils/gomitmproxy/web/web.go:251.73,253.38 2 1
github.com/retutils/gomitmproxy/web/web.go:253.38,256.3 2 0
github.com/retutils/gomitmproxy/web/web.go:257.2,260.32 3 1
github.com/retutils/gomitmproxy/web/web.go:260.32,261.45 1 1
github.com/retutils/gomitmproxy/web/web.go:261.45,263.4 1 1
github.com/retutils/gomitmproxy/web/web.go:266.2,268.21 3 1
github.com/retutils/gomitmproxy/addon/common.go:20.51,21.56 1 1
github.com/retutils/gomitmproxy/addon/common.go:21.56,23.3 1 1
github.com/retutils/gomitmproxy/addon/common.go:24.2,24.46 1 1
github.com/retutils/gomitmproxy/addon/common.go:24.46,26.3 1 1
github.com/retutils/gomitmproxy/addon/common.go:27.2,27.63 1 1
github.com/retutils/gomitmproxy/addon/common.go:27.63,29.3 1 1
github.com/retutils/gomitmproxy/addon/common.go:30.2,30.58 1 1
github.com/retutils/gomitmproxy/addon/common.go:30.58,32.3 1 1
github.com/retutils/gomitmproxy/addon/common.go:33.2,33.13 1 1
github.com/retutils/gomitmproxy/addon/common.go:37.37,38.74 1 1
github.com/retutils/gomitmproxy/addon/common.go:38.74,40.3 1 1
github.com/retutils/gomitmproxy/addon/common.go:41.2,41.12 1 1
github.com/retutils/gomitmproxy/addon/decoder.go:11.43,13.2 1 1
github.com/retutils/gomitmproxy/addon/dumper.go:22.50,23.30 1 1
github.com/retutils/gomitmproxy/addon/dumper.go:23.30,25.3 1 0
github.com/retutils/gomitmproxy/addon/dumper.go:26.2,26.40 1 1
github.com/retutils/gomitmproxy/addon/dumper.go:29.64,31.16 2 0
github.com/retutils/gomitmproxy/addon/dumper.go:31.16,32.13 1 0
github.com/retutils/gomitmproxy/addon/dumper.go:34.2,34.30 1 0
github.com/retutils/gomitmproxy/addon/dumper.go:37.48,38.12 1 1
github.com/retutils/gomitmproxy/addon/dumper.go:38.12,41.3 2 1
github.com/retutils/gomitmproxy/addon/dumper.go:45.38,51.47 4 1
github.com/retutils/gomitmproxy/addon/dumper.go:51.47,53.3 1 0
github.com/retutils/gomitmproxy/addon/dumper.go:54.2,54.27 1 1
github.com/retutils/gomitmproxy/addon/dumper.go:54.27,56.3 1 0
github.com/retutils/gomitmproxy/addon/dumper.go:58.2,59.16 2 1
github.com/retutils/gomitmproxy/addon/dumper.go:59.16,61.3 1 0
github.com/retutils/gomitmproxy/addon/dumper.go:62.2,64.98 2 1
github.com/retutils/gomitmproxy/addon/dumper.go:64.98,67.3 2 1
github.com/retutils/gomitmproxy/addon/dumper.go:69.2,69.23 1 1
github.com/retutils/gomitmproxy/addon/dumper.go:69.23,72.17 3 1
github.com/retutils/gomitmproxy/addon/dumper.go:72.17,74.4 1 0
github.com/retutils/gomitmproxy/addon/dumper.go:75.3,77.107 2 1
github.com/retutils/gomitmproxy/addon/dumper.go:77.107,79.50 2 1
github.com/retutils/gomitmproxy/addon/dumper.go:79.50,82.5 2 1
github.com/retutils/gomitmproxy/addon/dumper.go:86.2,89.16 3 1
github.com/retutils/gomitmproxy/addon/dumper.go:89.16,91.3 1 0
github.com/retutils/gomitmproxy/addon/dumper.go:94.36,95.36 1 1
github.com/retutils/gomitmproxy/addon/dumper.go:95.36,96.49 1 1
github.com/retutils/gomitmproxy/addon/dumper.go:96.49,98.4 1 0
github.com/retutils/gomitmproxy/addon/dumper.go:100.2,100.13 1 1
github.com/retutils/gomitmproxy/addon/maplocal.go:25.58,26.18 1 1
github.com/retutils/gomitmproxy/addon/maplocal.go:26.18,28.3 1 0
github.com/retutils/gomitmproxy/addon/maplocal.go:29.2,29.29 1 1
github.com/retutils/gomitmproxy/addon/maplocal.go:32.82,33.66 1 1
github.com/retutils/gomitmproxy/addon/maplocal.go:33.66,35.17 2 1
github.com/retutils/gomitmproxy/addon/maplocal.go:35.17,36.26 1 0
github.com/retutils/gomitmproxy/addon/maplocal.go:36.26,40.5 1 0
github.com/retutils/gomitmproxy/addon/maplocal.go:41.4,44.5 2 0
github.com/retutils/gomitmproxy/addon/maplocal.go:46.3,46.19 1 1
github.com/retutils/gomitmproxy/addon/maplocal.go:49.2,49.52 1 1
github.com/retutils/gomitmproxy/addon/maplocal.go:49.52,51.17 2 1
github.com/retutils/gomitmproxy/addon/maplocal.go:51.17,56.4 2 0
github.com/retutils/gomitmproxy/addon/maplocal.go:57.3,60.4 1 1
github.com/retutils/gomitmproxy/addon/maplocal.go:63.2,64.17 2 1
github.com/retutils/gomitmproxy/addon/maplocal.go:64.17,66.3 1 0
github.com/retutils/gomitmproxy/addon/maplocal.go:68.2,68.19 1 1
github.com/retutils/gomitmproxy/addon/maplocal.go:68.19,70.3 1 1
github.com/retutils/gomitmproxy/addon/maplocal.go:73.2,74.69 2 1
github.com/retutils/gomitmproxy/addon/maplocal.go:74.69,76.3 1 1
github.com/retutils/gomitmproxy/addon/maplocal.go:77.2,80.17 3 1
github.com/retutils/gomitmproxy/addon/maplocal.go:80.17,82.3 1 0
github.com/retutils/gomitmproxy/addon/maplocal.go:84.2,84.19 1 1
github.com/retutils/gomitmproxy/addon/maplocal.go:84.19,86.3 1 1
github.com/retutils/gomitmproxy/addon/maplocal.go:86.8,91.3 2 0
github.com/retutils/gomitmproxy/addon/maplocal.go:100.51,101.16 1 1
github.com/retutils/gomitmproxy/addon/maplocal.go:101.16,103.3 1 0
github.com/retutils/gomitmproxy/addon/maplocal.go:104.2,104.32 1 1
github.com/retutils/gomitmproxy/addon/maplocal.go:104.32,105.28 1 1
github.com/retutils/gomitmproxy/addon/maplocal.go:105.28,111.4 5 1
github.com/retutils/gomitmproxy/addon/maplocal.go:115.38,116.32 1 1
github.com/retutils/gomitmproxy/addon/maplocal.go:116.32,117.23 1 1
github.com/retutils/gomitmproxy/addon/maplocal.go:117.23,119.4 1 0
github.com/retutils/gomitmproxy/addon/maplocal.go:120.3,120.46 1 1
github.com/retutils/gomitmproxy/addon/maplocal.go:120.46,122.4 1 0
github.com/retutils/gomitmproxy/addon/maplocal.go:123.3,123.21 1 1
github.com/retutils/gomitmproxy/addon/maplocal.go:123.21,125.4 1 0
github.com/retutils/gomitmproxy/addon/maplocal.go:126.3,126.25 1 1
github.com/retutils/gomitmproxy/addon/maplocal.go:126.25,128.4 1 0
github.com/retutils/gomitmproxy/addon/maplocal.go:130.2,130.12 1 1
github.com/retutils/gomitmproxy/addon/maplocal.go:133.62,135.70 2 0
github.com/retutils/gomitmproxy/addon/maplocal.go:135.70,137.3 1 0
github.com/retutils/gomitmproxy/addon/maplocal.go:138.2,138.44 1 0
github.com/retutils/gomitmproxy/addon/maplocal.go:138.44,140.3 1 0
github.com/retutils/gomitmproxy/addon/maplocal.go:141.2,141.23 1 0
github.com/retutils/gomitmproxy/addon/mapremote.go:32.59,33.18 1 1
github.com/retutils/gomitmproxy/addon/mapremote.go:33.18,35.3 1 0
github.com/retutils/gomitmproxy/addon/mapremote.go:36.2,36.29 1 1
github.com/retutils/gomitmproxy/addon/mapremote.go:39.71,40.28 1 1
github.com/retutils/gomitmproxy/addon/mapremote.go:40.28,42.3 1 0
github.com/retutils/gomitmproxy/addon/mapremote.go:43.2,43.24 1 1
github.com/retutils/gomitmproxy/addon/mapremote.go:43.24,45.3 1 1
github.com/retutils/gomitmproxy/addon/mapremote.go:46.2,46.24 1 1
github.com/retutils/gomitmproxy/addon/mapremote.go:46.24,47.70 1 1
github.com/retutils/gomitmproxy/addon/mapremote.go:47.70,50.4 2 1
github.com/retutils/gomitmproxy/addon/mapremote.go:50.9,52.4 1 1
github.com/retutils/gomitmproxy/addon/mapremote.go:54.2,54.12 1 1
github.com/retutils/gomitmproxy/addon/mapremote.go:63.52,64.16 1 1
github.com/retutils/gomitmproxy/addon/mapremote.go:64.16,66.3 1 0
github.com/retutils/gomitmproxy/addon/mapremote.go:67.2,67.32 1 1
github.com/retutils/gomitmproxy/addon/mapremote.go:67.32,68.28 1 1
github.com/retutils/gomitmproxy/addon/mapremote.go:68.28,75.4 6 1
github.com/retutils/gomitmproxy/addon/mapremote.go:79.39,80.32 1 1
github.com/retutils/gomitmproxy/addon/mapremote.go:80.32,81.23 1 1
github.com/retutils/gomitmproxy/addon/mapremote.go:81.23,83.4 1 0
github.com/retutils/gomitmproxy/addon/mapremote.go:84.3,84.46 1 1
github.com/retutils/gomitmproxy/addon/mapremote.go:84.46,86.4 1 0
github.com/retutils/gomitmproxy/addon/mapremote.go:87.3,87.21 1 1
github.com/retutils/gomitmproxy/addon/mapremote.go:87.21,89.4 1 0
github.com/retutils/gomitmproxy/addon/mapremote.go:90.3,90.73 1 1
github.com/retutils/gomitmproxy/addon/mapremote.go:90.73,92.4 1 0
github.com/retutils/gomitmproxy/addon/mapremote.go:93.3,93.90 1 1
github.com/retutils/gomitmproxy/addon/mapremote.go:93.90,95.4 1 0
github.com/retutils/gomitmproxy/addon/mapremote.go:97.2,97.12 1 1
github.com/retutils/gomitmproxy/addon/mapremote.go:100.64,102.71 2 0
github.com/retutils/gomitmproxy/addon/mapremote.go:102.71,104.3 1 0
github.com/retutils/gomitmproxy/addon/mapremote.go:105.2,105.45 1 0
github.com/retutils/gomitmproxy/addon/mapremote.go:105.45,107.3 1 0
github.com/retutils/gomitmproxy/addon/mapremote.go:108.2,108.24 1 0
github.com/retutils/gomitmproxy/examples/close-conn/main.go:30.63,33.2 1 0
github.com/retutils/gomitmproxy/examples/close-conn/main.go:35.51,41.2 1 0
github.com/retutils/gomitmproxy/examples/close-conn/main.go:43.13,50.16 3 0
github.com/retutils/gomitmproxy/examples/close-conn/main.go:50.16,52.3 1 0
github.com/retutils/gomitmproxy/examples/close-conn/main.go:54.2,57.22 3 0
github.com/retutils/gomitmproxy/cmd/dummycert/main.go:20.27,25.2 4 0
github.com/retutils/gomitmproxy/cmd/dummycert/main.go:27.13,36.29 6 0
github.com/retutils/gomitmproxy/cmd/dummycert/main.go:36.29,38.3 1 0
github.com/retutils/gomitmproxy/cmd/dummycert/main.go:40.2,41.16 2 0
github.com/retutils/gomitmproxy/cmd/dummycert/main.go:41.16,42.13 1 0
github.com/retutils/gomitmproxy/cmd/dummycert/main.go:44.2,47.16 3 0
github.com/retutils/gomitmproxy/cmd/dummycert/main.go:47.16,48.13 1 0
github.com/retutils/gomitmproxy/cmd/dummycert/main.go:51.2,53.16 3 0
github.com/retutils/gomitmproxy/cmd/dummycert/main.go:53.16,54.13 1 0
github.com/retutils/gomitmproxy/cmd/dummycert/main.go:56.2,59.16 3 0
github.com/retutils/gomitmproxy/cmd/dummycert/main.go:59.16,60.13 1 0
github.com/retutils/gomitmproxy/cmd/dummycert/main.go:62.2,63.16 2 0
github.com/retutils/gomitmproxy/cmd/dummycert/main.go:63.16,64.13 1 0
github.com/retutils/gomitmproxy/examples/trusted-ca/main.go:11.13,18.16 3 0
github.com/retutils/gomitmproxy/examples/trusted-ca/main.go:18.16,20.3 1 0
github.com/retutils/gomitmproxy/examples/trusted-ca/main.go:21.2,21.56 1 0
github.com/retutils/gomitmproxy/examples/trusted-ca/main.go:21.56,23.18 2 0
github.com/retutils/gomitmproxy/examples/trusted-ca/main.go:23.18,25.4 1 0
github.com/retutils/gomitmproxy/examples/trusted-ca/main.go:26.3,26.71 1 0
github.com/retutils/gomitmproxy/examples/trusted-ca/main.go:28.2,29.22 2 0
github.com/retutils/gomitmproxy/examples/trusted-ca/main.go:36.63,38.2 1 0
github.com/retutils/gomitmproxy/examples/trusted-ca/main.go:40.47,49.2 3 0
github.com/retutils/gomitmproxy/examples/trusted-ca/trusted-ca.go:21.38,27.2 2 0
github.com/retutils/gomitmproxy/examples/trusted-ca/trusted-ca.go:29.52,30.24 1 0
github.com/retutils/gomitmproxy/examples/trusted-ca/trusted-ca.go:33.75,35.45 2 0
github.com/retutils/gomitmproxy/examples/trusted-ca/trusted-ca.go:35.45,39.3 3 0
github.com/retutils/gomitmproxy/examples/trusted-ca/trusted-ca.go:40.2,42.66 2 0
github.com/retutils/gomitmproxy/examples/trusted-ca/trusted-ca.go:42.66,44.17 2 0
github.com/retutils/gomitmproxy/examples/trusted-ca/trusted-ca.go:44.17,48.4 3 0
github.com/retutils/gomitmproxy/examples/trusted-ca/trusted-ca.go:49.3,49.26 1 0
github.com/retutils/gomitmproxy/examples/trusted-ca/trusted-ca.go:52.2,52.16 1 0
github.com/retutils/gomitmproxy/examples/trusted-ca/trusted-ca.go:52.16,54.3 1 0
github.com/retutils/gomitmproxy/examples/trusted-ca/trusted-ca.go:56.2,56.36 1 0
github.com/retutils/gomitmproxy/examples/trusted-ca/trusted-ca.go:59.76,60.20 1 0
github.com/retutils/gomitmproxy/examples/trusted-ca/trusted-ca.go:61.28,63.17 2 0
github.com/retutils/gomitmproxy/examples/trusted-ca/trusted-ca.go:63.17,65.4 1 0
github.com/retutils/gomitmproxy/examples/trusted-ca/trusted-ca.go:66.3,66.27 1 0
github.com/retutils/gomitmproxy/examples/trusted-ca/trusted-ca.go:67.29,69.17 2 0
github.com/retutils/gomitmproxy/examples/trusted-ca/trusted-ca.go:69.17,71.4 1 0
github.com/retutils/gomitmproxy/examples/trusted-ca/trusted-ca.go:72.3,72.27 1 0
github.com/retutils/gomitmproxy/examples/trusted-ca/trusted-ca.go:73.10,74.53 1 0
github.com/retutils/gomitmproxy/examples/proxy-auth/main.go:18.96,20.15 2 0
github.com/retutils/gomitmproxy/examples/proxy-auth/main.go:20.15,22.3 1 0
github.com/retutils/gomitmproxy/examples/proxy-auth/main.go:23.2,24.11 2 0
github.com/retutils/gomitmproxy/examples/proxy-auth/main.go:24.11,26.3 1 0
github.com/retutils/gomitmproxy/examples/proxy-auth/main.go:27.2,27.18 1 0
github.com/retutils/gomitmproxy/examples/proxy-auth/main.go:31.63,32.45 1 0
github.com/retutils/gomitmproxy/examples/proxy-auth/main.go:32.45,34.3 1 0
github.com/retutils/gomitmproxy/examples/proxy-auth/main.go:35.2,37.16 3 0
github.com/retutils/gomitmproxy/examples/proxy-auth/main.go:37.16,40.3 2 0
github.com/retutils/gomitmproxy/examples/proxy-auth/main.go:42.2,43.16 2 0
github.com/retutils/gomitmproxy/examples/proxy-auth/main.go:43.16,45.3 1 0
github.com/retutils/gomitmproxy/examples/proxy-auth/main.go:46.2,46.52 1 0
github.com/retutils/gomitmproxy/examples/proxy-auth/main.go:46.52,48.3 1 0
github.com/retutils/gomitmproxy/examples/proxy-auth/main.go:49.2,49.13 1 0
github.com/retutils/gomitmproxy/examples/proxy-auth/main.go:52.13,59.16 3 0
github.com/retutils/gomitmproxy/examples/proxy-auth/main.go:59.16,61.3 1 0
github.com/retutils/gomitmproxy/examples/proxy-auth/main.go:62.2,70.22 4 0
github.com/retutils/gomitmproxy/examples/rewrite-host/main.go:12.65,15.2 1 0
github.com/retutils/gomitmproxy/examples/rewrite-host/main.go:17.53,22.2 4 0
github.com/retutils/gomitmproxy/examples/rewrite-host/main.go:24.13,31.16 3 0
github.com/retutils/gomitmproxy/examples/rewrite-host/main.go:31.16,33.3 1 0
github.com/retutils/gomitmproxy/examples/rewrite-host/main.go:35.2,38.22 3 0
github.com/retutils/gomitmproxy/examples/http-add-header/main.go:16.52,19.2 2 0
github.com/retutils/gomitmproxy/examples/http-add-header/main.go:21.13,28.16 3 0
github.com/retutils/gomitmproxy/examples/http-add-header/main.go:28.16,30.3 1 0
github.com/retutils/gomitmproxy/examples/http-add-header/main.go:32.2,34.22 2 0
github.com/retutils/gomitmproxy/cmd/go-mitmproxy/config.go:11.59,13.68 2 0
github.com/retutils/gomitmproxy/cmd/go-mitmproxy/config.go:13.68,15.3 1 0
github.com/retutils/gomitmproxy/cmd/go-mitmproxy/config.go:16.2,16.21 1 0
github.com/retutils/gomitmproxy/cmd/go-mitmproxy/config.go:19.34,43.2 20 0
github.com/retutils/gomitmproxy/cmd/go-mitmproxy/config.go:45.58,48.26 3 0
github.com/retutils/gomitmproxy/cmd/go-mitmproxy/config.go:48.26,50.3 1 0
github.com/retutils/gomitmproxy/cmd/go-mitmproxy/config.go:51.2,51.29 1 0
github.com/retutils/gomitmproxy/cmd/go-mitmproxy/config.go:51.29,53.3 1 0
github.com/retutils/gomitmproxy/cmd/go-mitmproxy/config.go:54.2,54.27 1 0
github.com/retutils/gomitmproxy/cmd/go-mitmproxy/config.go:54.27,56.3 1 0
github.com/retutils/gomitmproxy/cmd/go-mitmproxy/config.go:57.2,57.36 1 0
github.com/retutils/gomitmproxy/cmd/go-mitmproxy/config.go:57.36,59.3 1 0
github.com/retutils/gomitmproxy/cmd/go-mitmproxy/config.go:60.2,60.35 1 0
github.com/retutils/gomitmproxy/cmd/go-mitmproxy/config.go:60.35,62.3 1 0
github.com/retutils/gomitmproxy/cmd/go-mitmproxy/config.go:63.2,63.30 1 0
github.com/retutils/gomitmproxy/cmd/go-mitmproxy/config.go:63.30,65.3 1 0
github.com/retutils/gomitmproxy/cmd/go-mitmproxy/config.go:66.2,66.26 1 0
github.com/retutils/gomitmproxy/cmd/go-mitmproxy/config.go:66.26,68.3 1 0
github.com/retutils/gomitmproxy/cmd/go-mitmproxy/config.go:69.2,69.26 1 0
github.com/retutils/gomitmproxy/cmd/go-mitmproxy/config.go:69.26,71.3 1 0
github.com/retutils/gomitmproxy/cmd/go-mitmproxy/config.go:72.2,72.30 1 0
github.com/retutils/gomitmproxy/cmd/go-mitmproxy/config.go:72.30,74.3 1 0
github.com/retutils/gomitmproxy/cmd/go-mitmproxy/config.go:75.2,75.30 1 0
github.com/retutils/gomitmproxy/cmd/go-mitmproxy/config.go:75.30,77.3 1 0
github.com/retutils/gomitmproxy/cmd/go-mitmproxy/config.go:78.2,78.29 1 0
github.com/retutils/gomitmproxy/cmd/go-mitmproxy/config.go:78.29,80.3 1 0
github.com/retutils/gomitmproxy/cmd/go-mitmproxy/config.go:81.2,81.31 1 0
github.com/retutils/gomitmproxy/cmd/go-mitmproxy/config.go:81.31,83.3 1 0
github.com/retutils/gomitmproxy/cmd/go-mitmproxy/config.go:84.2,84.30 1 0
github.com/retutils/gomitmproxy/cmd/go-mitmproxy/config.go:84.30,86.3 1 0
github.com/retutils/gomitmproxy/cmd/go-mitmproxy/config.go:87.2,87.29 1 0
github.com/retutils/gomitmproxy/cmd/go-mitmproxy/config.go:87.29,89.3 1 0
github.com/retutils/gomitmproxy/cmd/go-mitmproxy/config.go:90.2,90.15 1 0
github.com/retutils/gomitmproxy/cmd/go-mitmproxy/config.go:93.27,95.23 2 0
github.com/retutils/gomitmproxy/cmd/go-mitmproxy/config.go:95.23,97.3 1 0
github.com/retutils/gomitmproxy/cmd/go-mitmproxy/config.go:98.2,98.30 1 0
github.com/retutils/gomitmproxy/cmd/go-mitmproxy/config.go:98.30,100.3 1 0
github.com/retutils/gomitmproxy/cmd/go-mitmproxy/config.go:102.2,103.16 2 0
github.com/retutils/gomitmproxy/cmd/go-mitmproxy/config.go:103.16,106.3 2 0
github.com/retutils/gomitmproxy/cmd/go-mitmproxy/config.go:107.2,107.44 1 0
github.com/retutils/gomitmproxy/cmd/go-mitmproxy/config.go:113.38,115.2 1 0
github.com/retutils/gomitmproxy/cmd/go-mitmproxy/config.go:117.46,120.2 2 0
github.com/retutils/gomitmproxy/cmd/go-mitmproxy/main.go:41.13,44.22 2 0
github.com/retutils/gomitmproxy/cmd/go-mitmproxy/main.go:44.22,47.3 2 0
github.com/retutils/gomitmproxy/cmd/go-mitmproxy/main.go:47.8,49.3 1 0
github.com/retutils/gomitmproxy/cmd/go-mitmproxy/main.go:50.2,50.23 1 0
github.com/retutils/gomitmproxy/cmd/go-mitmproxy/main.go:50.23,52.3 1 0
github.com/retutils/gomitmproxy/cmd/go-mitmproxy/main.go:53.2,69.16 5 0
github.com/retutils/gomitmproxy/cmd/go-mitmproxy/main.go:69.16,71.3 1 0
github.com/retutils/gomitmproxy/cmd/go-mitmproxy/main.go:73.2,73.20 1 0
github.com/retutils/gomitmproxy/cmd/go-mitmproxy/main.go:73.20,76.3 2 0
github.com/retutils/gomitmproxy/cmd/go-mitmproxy/main.go:78.2,80.33 2 0
github.com/retutils/gomitmproxy/cmd/go-mitmproxy/main.go:80.33,81.57 1 0
github.com/retutils/gomitmproxy/cmd/go-mitmproxy/main.go:81.57,83.4 1 0
github.com/retutils/gomitmproxy/cmd/go-mitmproxy/main.go:85.2,85.32 1 0
github.com/retutils/gomitmproxy/cmd/go-mitmproxy/main.go:85.32,86.57 1 0
github.com/retutils/gomitmproxy/cmd/go-mitmproxy/main.go:86.57,88.4 1 0
github.com/retutils/gomitmproxy/cmd/go-mitmproxy/main.go:91.2,91.26 1 0
github.com/retutils/gomitmproxy/cmd/go-mitmproxy/main.go:91.26,94.3 2 0
github.com/retutils/gomitmproxy/cmd/go-mitmproxy/main.go:96.2,96.74 1 0
github.com/retutils/gomitmproxy/cmd/go-mitmproxy/main.go:96.74,100.3 3 0
github.com/retutils/gomitmproxy/cmd/go-mitmproxy/main.go:102.2,102.26 1 0
github.com/retutils/gomitmproxy/cmd/go-mitmproxy/main.go:102.26,106.3 2 0
github.com/retutils/gomitmproxy/cmd/go-mitmproxy/main.go:106.8,109.3 1 0
github.com/retutils/gomitmproxy/cmd/go-mitmproxy/main.go:110.2,112.28 2 0
github.com/retutils/gomitmproxy/cmd/go-mitmproxy/main.go:112.28,114.17 2 0
github.com/retutils/gomitmproxy/cmd/go-mitmproxy/main.go:114.17,116.4 1 0
github.com/retutils/gomitmproxy/cmd/go-mitmproxy/main.go:116.9,118.4 1 0
github.com/retutils/gomitmproxy/cmd/go-mitmproxy/main.go:121.2,121.27 1 0
github.com/retutils/gomitmproxy/cmd/go-mitmproxy/main.go:121.27,123.17 2 0
github.com/retutils/gomitmproxy/cmd/go-mitmproxy/main.go:123.17,125.4 1 0
github.com/retutils/gomitmproxy/cmd/go-mitmproxy/main.go:125.9,127.4 1 0
github.com/retutils/gomitmproxy/cmd/go-mitmproxy/main.go:130.2,130.23 1 0
github.com/retutils/gomitmproxy/cmd/go-mitmproxy/main.go:130.23,133.3 2 0
github.com/retutils/gomitmproxy/cmd/go-mitmproxy/main.go:135.2,135.22 1 0
github.com/retutils/gomitmproxy/cmd/go-mitmproxy/utils.go:16.57,20.45 2 0
github.com/retutils/gomitmproxy/cmd/go-mitmproxy/utils.go:20.45,22.18 2 0
github.com/retutils/gomitmproxy/cmd/go-mitmproxy/utils.go:22.18,24.4 1 0
github.com/retutils/gomitmproxy/cmd/go-mitmproxy/utils.go:25.3,25.30 1 0
github.com/retutils/gomitmproxy/cmd/go-mitmproxy/utils.go:27.2,27.18 1 0
github.com/retutils/gomitmproxy/cmd/go-mitmproxy/utils.go:31.99,33.15 2 0
github.com/retutils/gomitmproxy/cmd/go-mitmproxy/utils.go:33.15,35.3 1 0
github.com/retutils/gomitmproxy/cmd/go-mitmproxy/utils.go:36.2,37.10 2 0
github.com/retutils/gomitmproxy/cmd/go-mitmproxy/utils.go:37.10,39.3 1 0
github.com/retutils/gomitmproxy/cmd/go-mitmproxy/utils.go:40.2,40.18 1 0
github.com/retutils/gomitmproxy/cmd/go-mitmproxy/utils.go:44.71,45.45 1 0
github.com/retutils/gomitmproxy/cmd/go-mitmproxy/utils.go:45.45,47.3 1 0
github.com/retutils/gomitmproxy/cmd/go-mitmproxy/utils.go:48.2,50.16 3 0
github.com/retutils/gomitmproxy/cmd/go-mitmproxy/utils.go:50.16,53.3 2 0
github.com/retutils/gomitmproxy/cmd/go-mitmproxy/utils.go:55.2,56.16 2 0
github.com/retutils/gomitmproxy/cmd/go-mitmproxy/utils.go:56.16,58.3 1 0
github.com/retutils/gomitmproxy/cmd/go-mitmproxy/utils.go:59.2,59.48 1 0
github.com/retutils/gomitmproxy/cmd/go-mitmproxy/utils.go:59.48,61.3 1 0
github.com/retutils/gomitmproxy/cmd/go-mitmproxy/utils.go:62.2,62.13 1 0
github.com/retutils/gomitmproxy/examples/change-html/main.go:18.46,20.49 2 0
github.com/retutils/gomitmproxy/examples/change-html/main.go:20.49,22.3 1 0
github.com/retutils/gomitmproxy/examples/change-html/main.go:25.2,27.77 3 0
github.com/retutils/gomitmproxy/examples/change-html/main.go:30.13,37.16 3 0
github.com/retutils/gomitmproxy/examples/change-html/main.go:37.16,39.3 1 0
github.com/retutils/gomitmproxy/examples/change-html/main.go:41.2,43.22 2 0
github.com/retutils/gomitmproxy/proxy/addon.go:52.88,52.89 0 1
github.com/retutils/gomitmproxy/proxy/addon.go:53.88,53.89 0 1
github.com/retutils/gomitmproxy/proxy/addon.go:54.88,54.89 0 1
github.com/retutils/gomitmproxy/proxy/addon.go:55.88,55.89 0 1
github.com/retutils/gomitmproxy/proxy/addon.go:56.88,56.89 0 1
github.com/retutils/gomitmproxy/proxy/addon.go:57.88,57.89 0 1
github.com/retutils/gomitmproxy/proxy/addon.go:58.88,58.89 0 1
github.com/retutils/gomitmproxy/proxy/addon.go:59.88,59.89 0 1
github.com/retutils/gomitmproxy/proxy/addon.go:60.88,60.89 0 1
github.com/retutils/gomitmproxy/proxy/addon.go:61.87,61.100 1 1
github.com/retutils/gomitmproxy/proxy/addon.go:62.87,62.100 1 1
github.com/retutils/gomitmproxy/proxy/addon.go:63.88,63.89 0 1
github.com/retutils/gomitmproxy/proxy/addon.go:70.60,72.2 1 0
github.com/retutils/gomitmproxy/proxy/addon.go:74.63,76.2 1 0
github.com/retutils/gomitmproxy/proxy/addon.go:78.62,80.2 1 0
github.com/retutils/gomitmproxy/proxy/addon.go:82.65,84.2 1 0
github.com/retutils/gomitmproxy/proxy/addon.go:86.48,89.12 3 0
github.com/retutils/gomitmproxy/proxy/addon.go:89.12,92.24 3 0
github.com/retutils/gomitmproxy/proxy/addon.go:92.24,94.4 1 0
github.com/retutils/gomitmproxy/proxy/addon.go:95.3,96.50 2 0
github.com/retutils/gomitmproxy/proxy/addon.go:96.50,98.4 1 0
github.com/retutils/gomitmproxy/proxy/addon.go:99.3,99.184 1 0
github.com/retutils/gomitmproxy/proxy/addon.go:108.65,110.2 1 1
github.com/retutils/gomitmproxy/proxy/addon.go:112.67,114.2 1 1
github.com/retutils/gomitmproxy/proxy/attacker.go:22.50,24.2 1 1
github.com/retutils/gomitmproxy/proxy/attacker.go:26.55,29.2 2 1
github.com/retutils/gomitmproxy/proxy/attacker.go:30.44,30.58 1 0
github.com/retutils/gomitmproxy/proxy/attacker.go:31.44,31.58 1 0
github.com/retutils/gomitmproxy/proxy/attacker.go:47.51,49.16 2 1
github.com/retutils/gomitmproxy/proxy/attacker.go:49.16,51.3 1 0
github.com/retutils/gomitmproxy/proxy/attacker.go:53.2,66.70 1 1
github.com/retutils/gomitmproxy/proxy/attacker.go:66.70,69.5 1 0
github.com/retutils/gomitmproxy/proxy/attacker.go:76.2,78.70 1 1
github.com/retutils/gomitmproxy/proxy/attacker.go:78.70,80.4 1 1
github.com/retutils/gomitmproxy/proxy/attacker.go:83.2,85.53 1 1
github.com/retutils/gomitmproxy/proxy/attacker.go:85.53,85.100 1 1
github.com/retutils/gomitmproxy/proxy/attacker.go:88.2,88.15 1 1
github.com/retutils/gomitmproxy/proxy/attacker.go:91.44,93.22 2 1
github.com/retutils/gomitmproxy/proxy/attacker.go:93.22,95.3 1 1
github.com/retutils/gomitmproxy/proxy/attacker.go:96.2,96.44 1 1
github.com/retutils/gomitmproxy/proxy/attacker.go:99.34,101.2 1 1
github.com/retutils/gomitmproxy/proxy/attacker.go:103.77,106.80 2 1
github.com/retutils/gomitmproxy/proxy/attacker.go:106.80,109.104 1 1
github.com/retutils/gomitmproxy/proxy/attacker.go:109.104,111.6 1 1
github.com/retutils/gomitmproxy/proxy/attacker.go:114.70,117.5 1 0
github.com/retutils/gomitmproxy/proxy/attacker.go:120.3,122.13 3 1
github.com/retutils/gomitmproxy/proxy/attacker.go:122.13,125.4 2 1
github.com/retutils/gomitmproxy/proxy/attacker.go:126.3,126.13 1 1
github.com/retutils/gomitmproxy/proxy/attacker.go:126.13,132.4 1 1
github.com/retutils/gomitmproxy/proxy/attacker.go:133.3,133.9 1 1
github.com/retutils/gomitmproxy/proxy/attacker.go:136.2,139.4 1 1
github.com/retutils/gomitmproxy/proxy/attacker.go:142.74,143.125 1 1
github.com/retutils/gomitmproxy/proxy/attacker.go:143.125,149.3 2 1
github.com/retutils/gomitmproxy/proxy/attacker.go:151.2,151.26 1 1
github.com/retutils/gomitmproxy/proxy/attacker.go:151.26,153.3 1 1
github.com/retutils/gomitmproxy/proxy/attacker.go:154.2,154.24 1 1
github.com/retutils/gomitmproxy/proxy/attacker.go:154.24,156.3 1 1
github.com/retutils/gomitmproxy/proxy/attacker.go:157.2,157.20 1 1
github.com/retutils/gomitmproxy/proxy/attacker.go:160.54,162.51 2 1
github.com/retutils/gomitmproxy/proxy/attacker.go:162.51,165.17 3 1
github.com/retutils/gomitmproxy/proxy/attacker.go:165.17,167.4 1 0
github.com/retutils/gomitmproxy/proxy/attacker.go:168.3,180.84 6 1
github.com/retutils/gomitmproxy/proxy/attacker.go:180.84,182.6 1 1
github.com/retutils/gomitmproxy/proxy/attacker.go:186.70,189.5 1 0
github.com/retutils/gomitmproxy/proxy/attacker.go:192.3,193.38 2 1
github.com/retutils/gomitmproxy/proxy/attacker.go:193.38,195.4 1 1
github.com/retutils/gomitmproxy/proxy/attacker.go:197.3,197.13 1 1
github.com/retutils/gomitmproxy/proxy/attacker.go:202.88,215.44 5 1
github.com/retutils/gomitmproxy/proxy/attacker.go:215.44,218.57 3 1
github.com/retutils/gomitmproxy/proxy/attacker.go:218.57,219.28 1 1
github.com/retutils/gomitmproxy/proxy/attacker.go:219.28,221.5 1 1
github.com/retutils/gomitmproxy/proxy/attacker.go:222.4,222.28 1 1
github.com/retutils/gomitmproxy/proxy/attacker.go:222.28,224.5 1 0
github.com/retutils/gomitmproxy/proxy/attacker.go:226.3,227.42 2 1
github.com/retutils/gomitmproxy/proxy/attacker.go:229.2,231.60 3 1
github.com/retutils/gomitmproxy/proxy/attacker.go:231.60,233.3 1 1
github.com/retutils/gomitmproxy/proxy/attacker.go:234.2,236.37 3 1
github.com/retutils/gomitmproxy/proxy/attacker.go:236.37,238.3 1 1
github.com/retutils/gomitmproxy/proxy/attacker.go:240.2,242.86 1 1
github.com/retutils/gomitmproxy/proxy/attacker.go:242.86,244.5 1 1
github.com/retutils/gomitmproxy/proxy/attacker.go:248.69,251.4 1 0
github.com/retutils/gomitmproxy/proxy/attacker.go:254.2,254.12 1 1
github.com/retutils/gomitmproxy/proxy/attacker.go:257.55,260.51 2 1
github.com/retutils/gomitmproxy/proxy/attacker.go:260.51,262.17 2 1
github.com/retutils/gomitmproxy/proxy/attacker.go:262.17,264.4 1 0
github.com/retutils/gomitmproxy/proxy/attacker.go:265.3,265.60 1 1
github.com/retutils/gomitmproxy/proxy/attacker.go:265.60,267.4 1 0
github.com/retutils/gomitmproxy/proxy/attacker.go:268.3,268.13 1 1
github.com/retutils/gomitmproxy/proxy/attacker.go:272.88,277.16 4 1
github.com/retutils/gomitmproxy/proxy/attacker.go:277.16,279.3 1 1
github.com/retutils/gomitmproxy/proxy/attacker.go:281.2,289.45 5 1
github.com/retutils/gomitmproxy/proxy/attacker.go:289.45,291.3 1 1
github.com/retutils/gomitmproxy/proxy/attacker.go:293.2,293.29 1 1
github.com/retutils/gomitmproxy/proxy/attacker.go:296.85,312.75 9 1
github.com/retutils/gomitmproxy/proxy/attacker.go:312.75,317.11 3 1
github.com/retutils/gomitmproxy/proxy/attacker.go:318.27,319.20 1 0
github.com/retutils/gomitmproxy/proxy/attacker.go:320.48,321.48 1 1
github.com/retutils/gomitmproxy/proxy/attacker.go:321.48,323.6 1 1
github.com/retutils/gomitmproxy/proxy/attacker.go:326.4,327.18 2 1
github.com/retutils/gomitmproxy/proxy/attacker.go:327.18,329.5 1 0
github.com/retutils/gomitmproxy/proxy/attacker.go:330.4,334.10 1 1
github.com/retutils/gomitmproxy/proxy/attacker.go:338.2,338.12 1 1
github.com/retutils/gomitmproxy/proxy/attacker.go:338.12,339.61 1 1
github.com/retutils/gomitmproxy/proxy/attacker.go:339.61,342.4 2 0
github.com/retutils/gomitmproxy/proxy/attacker.go:343.3,343.33 1 1
github.com/retutils/gomitmproxy/proxy/attacker.go:347.2,347.9 1 1
github.com/retutils/gomitmproxy/proxy/attacker.go:348.25,352.9 4 0
github.com/retutils/gomitmproxy/proxy/attacker.go:353.39,353.39 0 1
github.com/retutils/gomitmproxy/proxy/attacker.go:355.2,357.59 2 1
github.com/retutils/gomitmproxy/proxy/attacker.go:357.59,363.3 5 0
github.com/retutils/gomitmproxy/proxy/attacker.go:364.2,367.9 2 1
github.com/retutils/gomitmproxy/proxy/attacker.go:368.25,372.9 4 0
github.com/retutils/gomitmproxy/proxy/attacker.go:373.33,373.33 0 1
github.com/retutils/gomitmproxy/proxy/attacker.go:377.2,377.37 1 1
github.com/retutils/gomitmproxy/proxy/attacker.go:380.92,389.75 3 1
github.com/retutils/gomitmproxy/proxy/attacker.go:389.75,392.18 3 1
github.com/retutils/gomitmproxy/proxy/attacker.go:392.18,394.5 1 0
github.com/retutils/gomitmproxy/proxy/attacker.go:395.4,399.10 1 1
github.com/retutils/gomitmproxy/proxy/attacker.go:402.2,402.60 1 1
github.com/retutils/gomitmproxy/proxy/attacker.go:402.60,406.3 3 0
github.com/retutils/gomitmproxy/proxy/attacker.go:409.2,410.37 2 1
github.com/retutils/gomitmproxy/proxy/attacker.go:413.71,425.15 3 1
github.com/retutils/gomitmproxy/proxy/attacker.go:425.15,426.35 1 1
github.com/retutils/gomitmproxy/proxy/attacker.go:426.35,428.4 1 0
github.com/retutils/gomitmproxy/proxy/attacker.go:431.2,442.37 8 1
github.com/retutils/gomitmproxy/proxy/attacker.go:442.37,444.24 2 1
github.com/retutils/gomitmproxy/proxy/attacker.go:444.24,447.4 2 0
github.com/retutils/gomitmproxy/proxy/attacker.go:451.2,452.15 2 1
github.com/retutils/gomitmproxy/proxy/attacker.go:452.15,455.17 3 1
github.com/retutils/gomitmproxy/proxy/attacker.go:455.17,459.4 3 0
github.com/retutils/gomitmproxy/proxy/attacker.go:461.3,461.20 1 1
github.com/retutils/gomitmproxy/proxy/attacker.go:461.20,464.4 2 0
github.com/retutils/gomitmproxy/proxy/attacker.go:464.9,468.39 2 1
github.com/retutils/gomitmproxy/proxy/attacker.go:468.39,470.26 2 1
github.com/retutils/gomitmproxy/proxy/attacker.go:470.26,473.6 2 0
github.com/retutils/gomitmproxy/proxy/attacker.go:475.4,475.45 1 1
github.com/retutils/gomitmproxy/proxy/attacker.go:479.2,479.37 1 1
github.com/retutils/gomitmproxy/proxy/attacker.go:479.37,481.3 1 1
github.com/retutils/gomitmproxy/proxy/attacker.go:483.2,485.16 3 1
github.com/retutils/gomitmproxy/proxy/attacker.go:485.16,489.3 3 0
github.com/retutils/gomitmproxy/proxy/attacker.go:491.2,491.43 1 1
github.com/retutils/gomitmproxy/proxy/attacker.go:491.43,492.30 1 1
github.com/retutils/gomitmproxy/proxy/attacker.go:492.30,493.12 1 0
github.com/retutils/gomitmproxy/proxy/attacker.go:495.3,495.27 1 1
github.com/retutils/gomitmproxy/proxy/attacker.go:495.27,497.4 1 1
github.com/retutils/gomitmproxy/proxy/attacker.go:500.2,501.24 2 1
github.com/retutils/gomitmproxy/proxy/attacker.go:501.24,502.85 1 1
github.com/retutils/gomitmproxy/proxy/attacker.go:502.85,504.4 1 0
github.com/retutils/gomitmproxy/proxy/attacker.go:507.2,508.23 2 1
github.com/retutils/gomitmproxy/proxy/attacker.go:508.23,510.3 1 0
github.com/retutils/gomitmproxy/proxy/attacker.go:510.8,511.69 1 1
github.com/retutils/gomitmproxy/proxy/attacker.go:511.69,512.62 1 1
github.com/retutils/gomitmproxy/proxy/attacker.go:512.62,515.71 2 0
github.com/retutils/gomitmproxy/proxy/attacker.go:515.71,518.6 2 0
github.com/retutils/gomitmproxy/proxy/attacker.go:519.5,520.11 2 0
github.com/retutils/gomitmproxy/proxy/attacker.go:523.3,523.63 1 1
github.com/retutils/gomitmproxy/proxy/attacker.go:525.2,525.16 1 1
github.com/retutils/gomitmproxy/proxy/attacker.go:525.16,529.3 3 0
github.com/retutils/gomitmproxy/proxy/attacker.go:531.2,531.20 1 1
github.com/retutils/gomitmproxy/proxy/attacker.go:531.20,533.3 1 0
github.com/retutils/gomitmproxy/proxy/attacker.go:535.2,544.37 3 1
github.com/retutils/gomitmproxy/proxy/attacker.go:544.37,546.29 2 1
github.com/retutils/gomitmproxy/proxy/attacker.go:546.29,549.4 2 0
github.com/retutils/gomitmproxy/proxy/attacker.go:553.2,554.15 2 1
github.com/retutils/gomitmproxy/proxy/attacker.go:554.15,557.17 3 1
github.com/retutils/gomitmproxy/proxy/attacker.go:557.17,561.4 3 0
github.com/retutils/gomitmproxy/proxy/attacker.go:562.3,562.20 1 1
github.com/retutils/gomitmproxy/proxy/attacker.go:562.20,565.4 2 0
github.com/retutils/gomitmproxy/proxy/attacker.go:565.9,569.39 2 1
github.com/retutils/gomitmproxy/proxy/attacker.go:569.39,571.5 1 1
github.com/retutils/gomitmproxy/proxy/attacker.go:574.2,574.37 1 1
github.com/retutils/gomitmproxy/proxy/attacker.go:574.37,576.3 1 1
github.com/retutils/gomitmproxy/proxy/attacker.go:578.2,578.40 1 1
github.com/retutils/gomitmproxy/proxy/attacker.go:581.103,582.28 1 1
github.com/retutils/gomitmproxy/proxy/attacker.go:582.28,583.43 1 1
github.com/retutils/gomitmproxy/proxy/attacker.go:583.43,584.31 1 1
github.com/retutils/gomitmproxy/proxy/attacker.go:584.31,585.13 1 1
github.com/retutils/gomitmproxy/proxy/attacker.go:587.4,587.28 1 1
github.com/retutils/gomitmproxy/proxy/attacker.go:587.28,589.5 1 1
github.com/retutils/gomitmproxy/proxy/attacker.go:592.2,592.20 1 1
github.com/retutils/gomitmproxy/proxy/attacker.go:592.20,594.3 1 0
github.com/retutils/gomitmproxy/proxy/attacker.go:595.2,597.17 2 1
github.com/retutils/gomitmproxy/proxy/attacker.go:597.17,599.17 2 0
github.com/retutils/gomitmproxy/proxy/attacker.go:599.17,601.4 1 0
github.com/retutils/gomitmproxy/proxy/attacker.go:603.2,603.32 1 1
github.com/retutils/gomitmproxy/proxy/attacker.go:603.32,605.17 2 1
github.com/retutils/gomitmproxy/proxy/attacker.go:605.17,607.4 1 1
github.com/retutils/gomitmproxy/proxy/attacker.go:609.2,609.52 1 1
github.com/retutils/gomitmproxy/proxy/attacker.go:609.52,611.17 2 1
github.com/retutils/gomitmproxy/proxy/attacker.go:611.17,613.4 1 1
github.com/retutils/gomitmproxy/proxy/connection.go:24.44,31.2 1 1
github.com/retutils/gomitmproxy/proxy/connection.go:33.52,39.2 5 0
github.com/retutils/gomitmproxy/proxy/connection.go:52.34,56.2 1 1
github.com/retutils/gomitmproxy/proxy/connection.go:58.52,63.19 5 0
github.com/retutils/gomitmproxy/proxy/connection.go:63.19,65.3 1 0
github.com/retutils/gomitmproxy/proxy/connection.go:66.2,67.24 2 0
github.com/retutils/gomitmproxy/proxy/connection.go:70.54,72.2 1 0
github.com/retutils/gomitmproxy/proxy/connection.go:89.60,95.2 2 1
github.com/retutils/gomitmproxy/proxy/connection.go:97.44,99.2 1 0
github.com/retutils/gomitmproxy/proxy/entry.go:21.51,23.16 2 1
github.com/retutils/gomitmproxy/proxy/entry.go:23.16,25.3 1 1
github.com/retutils/gomitmproxy/proxy/entry.go:27.2,32.37 5 1
github.com/retutils/gomitmproxy/proxy/entry.go:32.37,34.3 1 1
github.com/retutils/gomitmproxy/proxy/entry.go:36.2,36.16 1 1
github.com/retutils/gomitmproxy/proxy/entry.go:52.66,59.2 1 1
github.com/retutils/gomitmproxy/proxy/entry.go:61.54,63.2 1 1
github.com/retutils/gomitmproxy/proxy/entry.go:65.57,67.2 1 1
github.com/retutils/gomitmproxy/proxy/entry.go:69.40,71.14 2 1
github.com/retutils/gomitmproxy/proxy/entry.go:71.14,74.3 2 1
github.com/retutils/gomitmproxy/proxy/entry.go:75.2,82.39 6 1
github.com/retutils/gomitmproxy/proxy/entry.go:82.39,84.3 1 0
github.com/retutils/gomitmproxy/proxy/entry.go:86.2,86.69 1 1
github.com/retutils/gomitmproxy/proxy/entry.go:86.69,88.3 1 1
github.com/retutils/gomitmproxy/proxy/entry.go:90.2,90.19 1 1
github.com/retutils/gomitmproxy/proxy/entry.go:104.40,106.14 2 1
github.com/retutils/gomitmproxy/proxy/entry.go:106.14,109.3 2 1
github.com/retutils/gomitmproxy/proxy/entry.go:110.2,116.39 5 1
github.com/retutils/gomitmproxy/proxy/entry.go:116.39,118.3 1 0
github.com/retutils/gomitmproxy/proxy/entry.go:120.2,120.31 1 1
github.com/retutils/gomitmproxy/proxy/entry.go:120.31,122.3 1 1
github.com/retutils/gomitmproxy/proxy/entry.go:122.8,124.36 1 1
github.com/retutils/gomitmproxy/proxy/entry.go:124.36,126.4 1 1
github.com/retutils/gomitmproxy/proxy/entry.go:129.2,129.19 1 1
github.com/retutils/gomitmproxy/proxy/entry.go:137.36,142.70 2 1
github.com/retutils/gomitmproxy/proxy/entry.go:142.70,144.4 1 1
github.com/retutils/gomitmproxy/proxy/entry.go:146.2,146.10 1 1
github.com/retutils/gomitmproxy/proxy/entry.go:149.31,151.16 2 1
github.com/retutils/gomitmproxy/proxy/entry.go:151.16,153.3 1 0
github.com/retutils/gomitmproxy/proxy/entry.go:154.2,155.16 2 1
github.com/retutils/gomitmproxy/proxy/entry.go:155.16,157.3 1 0
github.com/retutils/gomitmproxy/proxy/entry.go:159.2,164.28 3 1
github.com/retutils/gomitmproxy/proxy/entry.go:167.31,169.2 1 1
github.com/retutils/gomitmproxy/proxy/entry.go:171.53,173.2 1 0
github.com/retutils/gomitmproxy/proxy/entry.go:175.71,183.30 3 1
github.com/retutils/gomitmproxy/proxy/entry.go:183.30,185.9 2 1
github.com/retutils/gomitmproxy/proxy/entry.go:185.9,187.27 2 1
github.com/retutils/gomitmproxy/proxy/entry.go:187.27,189.14 1 0
github.com/retutils/gomitmproxy/proxy/entry.go:190.4,192.10 3 1
github.com/retutils/gomitmproxy/proxy/entry.go:196.2,196.29 1 1
github.com/retutils/gomitmproxy/proxy/entry.go:196.29,199.3 2 1
github.com/retutils/gomitmproxy/proxy/entry.go:201.2,201.44 1 1
github.com/retutils/gomitmproxy/proxy/entry.go:201.44,203.38 2 1
github.com/retutils/gomitmproxy/proxy/entry.go:203.38,205.4 1 0
github.com/retutils/gomitmproxy/proxy/entry.go:206.3,206.49 1 1
github.com/retutils/gomitmproxy/proxy/entry.go:206.49,207.18 1 1
github.com/retutils/gomitmproxy/proxy/entry.go:207.18,210.5 2 1
github.com/retutils/gomitmproxy/proxy/entry.go:212.3,212.9 1 1
github.com/retutils/gomitmproxy/proxy/entry.go:216.2,217.33 2 1
github.com/retutils/gomitmproxy/proxy/entry.go:220.75,236.37 9 1
github.com/retutils/gomitmproxy/proxy/entry.go:236.37,238.3 1 1
github.com/retutils/gomitmproxy/proxy/entry.go:240.2,240.22 1 1
github.com/retutils/gomitmproxy/proxy/entry.go:240.22,244.3 3 1
github.com/retutils/gomitmproxy/proxy/entry.go:246.2,246.43 1 1
github.com/retutils/gomitmproxy/proxy/entry.go:246.43,249.3 2 1
github.com/retutils/gomitmproxy/proxy/entry.go:251.2,252.36 2 1
github.com/retutils/gomitmproxy/proxy/entry.go:255.89,257.16 2 1
github.com/retutils/gomitmproxy/proxy/entry.go:257.16,260.3 2 0
github.com/retutils/gomitmproxy/proxy/entry.go:261.2,262.16 2 1
github.com/retutils/gomitmproxy/proxy/entry.go:262.16,265.3 2 0
github.com/retutils/gomitmproxy/proxy/entry.go:267.2,273.39 2 1
github.com/retutils/gomitmproxy/proxy/entry.go:273.39,275.3 1 1
github.com/retutils/gomitmproxy/proxy/entry.go:277.2,277.19 1 1
github.com/retutils/gomitmproxy/proxy/entry.go:280.85,288.16 4 1
github.com/retutils/gomitmproxy/proxy/entry.go:288.16,292.3 3 1
github.com/retutils/gomitmproxy/proxy/entry.go:293.2,296.16 3 0
github.com/retutils/gomitmproxy/proxy/entry.go:296.16,299.3 2 0
github.com/retutils/gomitmproxy/proxy/entry.go:300.2,302.28 2 0
github.com/retutils/gomitmproxy/proxy/entry.go:305.91,313.16 4 1
github.com/retutils/gomitmproxy/proxy/entry.go:313.16,317.3 3 0
github.com/retutils/gomitmproxy/proxy/entry.go:319.2,320.16 2 1
github.com/retutils/gomitmproxy/proxy/entry.go:320.16,324.3 3 0
github.com/retutils/gomitmproxy/proxy/entry.go:326.2,327.16 2 1
github.com/retutils/gomitmproxy/proxy/entry.go:327.16,332.3 4 0
github.com/retutils/gomitmproxy/proxy/entry.go:333.2,333.25 1 1
github.com/retutils/gomitmproxy/proxy/entry.go:333.25,339.3 4 0
github.com/retutils/gomitmproxy/proxy/entry.go:342.2,343.57 2 1
github.com/retutils/gomitmproxy/proxy/entry.go:346.90,354.16 4 1
github.com/retutils/gomitmproxy/proxy/entry.go:354.16,357.3 2 0
github.com/retutils/gomitmproxy/proxy/entry.go:359.2,360.16 2 1
github.com/retutils/gomitmproxy/proxy/entry.go:360.16,364.3 3 0
github.com/retutils/gomitmproxy/proxy/entry.go:366.2,366.25 1 1
github.com/retutils/gomitmproxy/proxy/entry.go:366.25,369.17 2 0
github.com/retutils/gomitmproxy/proxy/entry.go:369.17,373.4 3 0
github.com/retutils/gomitmproxy/proxy/entry.go:374.3,377.9 4 0
github.com/retutils/gomitmproxy/proxy/entry.go:381.2,382.59 2 1
github.com/retutils/gomitmproxy/proxy/flow.go:24.45,32.2 1 1
github.com/retutils/gomitmproxy/proxy/flow.go:34.45,36.2 1 0
github.com/retutils/gomitmproxy/proxy/flow.go:38.39,40.2 1 0
github.com/retutils/gomitmproxy/proxy/flow.go:42.51,49.2 6 0
github.com/retutils/gomitmproxy/proxy/flow.go:51.54,54.16 3 0
github.com/retutils/gomitmproxy/proxy/flow.go:54.16,56.3 1 0
github.com/retutils/gomitmproxy/proxy/flow.go:58.2,59.9 2 0
github.com/retutils/gomitmproxy/proxy/flow.go:59.9,61.3 1 0
github.com/retutils/gomitmproxy/proxy/flow.go:62.2,63.16 2 0
github.com/retutils/gomitmproxy/proxy/flow.go:63.16,65.3 1 0
github.com/retutils/gomitmproxy/proxy/flow.go:67.2,68.9 2 0
github.com/retutils/gomitmproxy/proxy/flow.go:68.9,70.3 1 0
github.com/retutils/gomitmproxy/proxy/flow.go:72.2,73.30 2 0
github.com/retutils/gomitmproxy/proxy/flow.go:73.30,75.10 2 0
github.com/retutils/gomitmproxy/proxy/flow.go:75.10,77.4 1 0
github.com/retutils/gomitmproxy/proxy/flow.go:79.3,80.28 2 0
github.com/retutils/gomitmproxy/proxy/flow.go:80.28,82.11 2 0
github.com/retutils/gomitmproxy/proxy/flow.go:82.11,84.5 1 0
github.com/retutils/gomitmproxy/proxy/flow.go:85.4,85.31 1 0
github.com/retutils/gomitmproxy/proxy/flow.go:87.3,87.20 1 0
github.com/retutils/gomitmproxy/proxy/flow.go:91.2,91.39 1 0
github.com/retutils/gomitmproxy/proxy/flow.go:91.39,92.35 1 0
github.com/retutils/gomitmproxy/proxy/flow.go:92.35,94.4 1 0
github.com/retutils/gomitmproxy/proxy/flow.go:95.3,95.12 1 0
github.com/retutils/gomitmproxy/proxy/flow.go:98.2,104.12 2 0
github.com/retutils/gomitmproxy/proxy/flow.go:131.22,136.2 1 1
github.com/retutils/gomitmproxy/proxy/flow.go:138.39,140.2 1 1
github.com/retutils/gomitmproxy/proxy/flow.go:142.25,144.2 1 1
github.com/retutils/gomitmproxy/proxy/flow.go:146.46,152.2 5 0
github.com/retutils/gomitmproxy/proxy/flowencoding.go:25.45,27.23 2 1
github.com/retutils/gomitmproxy/proxy/flowencoding.go:27.23,29.3 1 1
github.com/retutils/gomitmproxy/proxy/flowencoding.go:30.2,30.42 1 1
github.com/retutils/gomitmproxy/proxy/flowencoding.go:30.42,31.44 1 1
github.com/retutils/gomitmproxy/proxy/flowencoding.go:31.44,33.4 1 1
github.com/retutils/gomitmproxy/proxy/flowencoding.go:35.2,35.14 1 1
github.com/retutils/gomitmproxy/proxy/flowencoding.go:38.51,39.24 1 1
github.com/retutils/gomitmproxy/proxy/flowencoding.go:39.24,41.3 1 0
github.com/retutils/gomitmproxy/proxy/flowencoding.go:43.2,44.36 2 1
github.com/retutils/gomitmproxy/proxy/flowencoding.go:44.36,46.3 1 1
github.com/retutils/gomitmproxy/proxy/flowencoding.go:48.2,49.23 2 1
github.com/retutils/gomitmproxy/proxy/flowencoding.go:49.23,52.3 2 1
github.com/retutils/gomitmproxy/proxy/flowencoding.go:54.2,54.25 1 1
github.com/retutils/gomitmproxy/proxy/flowencoding.go:57.50,58.22 1 1
github.com/retutils/gomitmproxy/proxy/flowencoding.go:58.22,60.3 1 0
github.com/retutils/gomitmproxy/proxy/flowencoding.go:62.2,63.36 2 1
github.com/retutils/gomitmproxy/proxy/flowencoding.go:63.36,65.3 1 1
github.com/retutils/gomitmproxy/proxy/flowencoding.go:67.2,68.23 2 1
github.com/retutils/gomitmproxy/proxy/flowencoding.go:68.23,71.3 2 1
github.com/retutils/gomitmproxy/proxy/flowencoding.go:73.2,73.25 1 1
github.com/retutils/gomitmproxy/proxy/flowencoding.go:76.43,78.16 2 1
github.com/retutils/gomitmproxy/proxy/flowencoding.go:78.16,80.3 1 0
github.com/retutils/gomitmproxy/proxy/flowencoding.go:82.2,85.35 4 1
github.com/retutils/gomitmproxy/proxy/flowencoding.go:88.54,89.19 1 1
github.com/retutils/gomitmproxy/proxy/flowencoding.go:89.19,91.17 2 1
github.com/retutils/gomitmproxy/proxy/flowencoding.go:91.17,93.4 1 1
github.com/retutils/gomitmproxy/proxy/flowencoding.go:94.3,96.17 3 1
github.com/retutils/gomitmproxy/proxy/flowencoding.go:96.17,98.4 1 0
github.com/retutils/gomitmproxy/proxy/flowencoding.go:99.3,100.17 2 1
github.com/retutils/gomitmproxy/proxy/flowencoding.go:100.17,102.4 1 0
github.com/retutils/gomitmproxy/proxy/flowencoding.go:103.3,103.26 1 1
github.com/retutils/gomitmproxy/proxy/flowencoding.go:104.8,104.24 1 1
github.com/retutils/gomitmproxy/proxy/flowencoding.go:104.24,108.17 4 1
github.com/retutils/gomitmproxy/proxy/flowencoding.go:108.17,110.4 1 0
github.com/retutils/gomitmproxy/proxy/flowencoding.go:111.3,111.26 1 1
github.com/retutils/gomitmproxy/proxy/flowencoding.go:112.8,112.29 1 1
github.com/retutils/gomitmproxy/proxy/flowencoding.go:112.29,116.17 4 1
github.com/retutils/gomitmproxy/proxy/flowencoding.go:116.17,118.4 1 0
github.com/retutils/gomitmproxy/proxy/flowencoding.go:119.3,119.26 1 1
github.com/retutils/gomitmproxy/proxy/flowencoding.go:120.8,120.26 1 1
github.com/retutils/gomitmproxy/proxy/flowencoding.go:120.26,122.17 2 1
github.com/retutils/gomitmproxy/proxy/flowencoding.go:122.17,124.4 1 0
github.com/retutils/gomitmproxy/proxy/flowencoding.go:125.3,127.17 3 1
github.com/retutils/gomitmproxy/proxy/flowencoding.go:127.17,129.4 1 1
github.com/retutils/gomitmproxy/proxy/flowencoding.go:130.3,130.26 1 1
github.com/retutils/gomitmproxy/proxy/flowencoding.go:133.2,133.35 1 1
github.com/retutils/gomitmproxy/proxy/helper.go:25.53,28.36 2 1
github.com/retutils/gomitmproxy/proxy/helper.go:28.36,29.33 1 1
github.com/retutils/gomitmproxy/proxy/helper.go:29.33,32.4 2 1
github.com/retutils/gomitmproxy/proxy/helper.go:35.2,37.8 3 1
github.com/retutils/gomitmproxy/proxy/helper.go:41.66,46.12 4 1
github.com/retutils/gomitmproxy/proxy/helper.go:46.12,50.10 4 1
github.com/retutils/gomitmproxy/proxy/helper.go:51.15,52.10 1 0
github.com/retutils/gomitmproxy/proxy/helper.go:53.23,54.10 1 1
github.com/retutils/gomitmproxy/proxy/helper.go:57.2,57.12 1 1
github.com/retutils/gomitmproxy/proxy/helper.go:57.12,62.53 4 1
github.com/retutils/gomitmproxy/proxy/helper.go:62.53,65.4 2 0
github.com/retutils/gomitmproxy/proxy/helper.go:67.3,67.10 1 0
github.com/retutils/gomitmproxy/proxy/helper.go:68.15,69.10 1 0
github.com/retutils/gomitmproxy/proxy/helper.go:70.23,71.10 1 0
github.com/retutils/gomitmproxy/proxy/helper.go:75.2,75.25 1 1
github.com/retutils/gomitmproxy/proxy/helper.go:75.25,76.35 1 1
github.com/retutils/gomitmproxy/proxy/helper.go:76.35,79.4 2 0
github.com/retutils/gomitmproxy/proxy/helper.go:83.63,88.2 4 1
github.com/retutils/gomitmproxy/proxy/instance_log_addon.go:14.106,18.2 1 1
github.com/retutils/gomitmproxy/proxy/instance_log_addon.go:21.66,23.2 1 1
github.com/retutils/gomitmproxy/proxy/instance_log_addon.go:25.68,30.2 1 1
github.com/retutils/gomitmproxy/proxy/instance_log_addon.go:32.71,37.2 1 1
github.com/retutils/gomitmproxy/proxy/instance_log_addon.go:39.70,47.2 1 1
github.com/retutils/gomitmproxy/proxy/instance_log_addon.go:49.73,58.2 1 1
github.com/retutils/gomitmproxy/proxy/instance_log_addon.go:60.56,71.12 3 1
github.com/retutils/gomitmproxy/proxy/instance_log_addon.go:71.12,74.24 3 1
github.com/retutils/gomitmproxy/proxy/instance_log_addon.go:74.24,76.4 1 1
github.com/retutils/gomitmproxy/proxy/instance_log_addon.go:77.3,78.50 2 1
github.com/retutils/gomitmproxy/proxy/instance_log_addon.go:78.50,80.4 1 1
github.com/retutils/gomitmproxy/proxy/instance_log_addon.go:82.3,90.31 1 1
github.com/retutils/gomitmproxy/proxy/instance_log_addon.go:94.75,100.2 1 1
github.com/retutils/gomitmproxy/proxy/instance_log_addon.go:102.49,104.27 2 1
github.com/retutils/gomitmproxy/proxy/instance_log_addon.go:104.27,106.3 1 1
github.com/retutils/gomitmproxy/proxy/instance_log_addon.go:108.2,114.35 1 1
github.com/retutils/gomitmproxy/proxy/instance_log_addon.go:117.50,119.49 2 1
github.com/retutils/gomitmproxy/proxy/instance_log_addon.go:119.49,121.3 1 1
github.com/retutils/gomitmproxy/proxy/instance_log_addon.go:123.2,130.36 1 1
github.com/retutils/gomitmproxy/proxy/instance_logger.go:22.74,24.2 1 1
github.com/retutils/gomitmproxy/proxy/instance_logger.go:27.102,30.52 2 1
github.com/retutils/gomitmproxy/proxy/instance_logger.go:30.52,32.3 1 1
github.com/retutils/gomitmproxy/proxy/instance_logger.go:35.2,35.24 1 1
github.com/retutils/gomitmproxy/proxy/instance_logger.go:35.24,37.3 1 0
github.com/retutils/gomitmproxy/proxy/instance_logger.go:39.2,47.23 2 1
github.com/retutils/gomitmproxy/proxy/instance_logger.go:47.23,49.17 2 1
github.com/retutils/gomitmproxy/proxy/instance_logger.go:49.17,51.4 1 0
github.com/retutils/gomitmproxy/proxy/instance_logger.go:51.9,64.4 5 1
github.com/retutils/gomitmproxy/proxy/instance_logger.go:68.2,74.11 2 1
github.com/retutils/gomitmproxy/proxy/instance_logger.go:78.68,80.2 1 1
github.com/retutils/gomitmproxy/proxy/instance_logger.go:83.53,85.2 1 1
github.com/retutils/gomitmproxy/proxy/instance_logger.go:88.69,90.2 1 1
github.com/retutils/gomitmproxy/proxy/instance_logger.go:93.54,95.2 1 1
github.com/retutils/gomitmproxy/proxy/instance_logger.go:98.70,100.2 1 1
github.com/retutils/gomitmproxy/proxy/instance_logger.go:103.54,105.2 1 1
github.com/retutils/gomitmproxy/proxy/instance_logger.go:108.70,110.2 1 1
github.com/retutils/gomitmproxy/proxy/instance_logger.go:113.53,115.2 1 1
github.com/retutils/gomitmproxy/proxy/instance_logger.go:118.69,120.2 1 1
github.com/retutils/gomitmproxy/proxy/instance_logger.go:123.54,125.2 1 0
github.com/retutils/gomitmproxy/proxy/instance_logger.go:128.70,130.2 1 0
github.com/retutils/gomitmproxy/proxy/instance_logger.go:133.49,135.2 1 1
github.com/retutils/gomitmproxy/proxy/proxy.go:42.46,43.33 1 1
github.com/retutils/gomitmproxy/proxy/proxy.go:43.33,45.3 1 1
github.com/retutils/gomitmproxy/proxy/proxy.go:47.2,56.16 4 1
github.com/retutils/gomitmproxy/proxy/proxy.go:56.16,58.3 1 0
github.com/retutils/gomitmproxy/proxy/proxy.go:59.2,61.19 2 1
github.com/retutils/gomitmproxy/proxy/proxy.go:64.43,66.2 1 1
github.com/retutils/gomitmproxy/proxy/proxy.go:68.35,69.12 1 1
github.com/retutils/gomitmproxy/proxy/proxy.go:69.12,70.48 1 1
github.com/retutils/gomitmproxy/proxy/proxy.go:70.48,72.4 1 0
github.com/retutils/gomitmproxy/proxy/proxy.go:74.2,74.28 1 1
github.com/retutils/gomitmproxy/proxy/proxy.go:77.35,79.2 1 1
github.com/retutils/gomitmproxy/proxy/proxy.go:81.57,83.2 1 0
github.com/retutils/gomitmproxy/proxy/proxy.go:85.55,87.2 1 0
github.com/retutils/gomitmproxy/proxy/proxy.go:89.85,91.2 1 0
github.com/retutils/gomitmproxy/proxy/proxy.go:93.79,95.2 1 1
github.com/retutils/gomitmproxy/proxy/proxy.go:97.84,99.2 1 1
github.com/retutils/gomitmproxy/proxy/proxy.go:101.79,102.52 1 1
github.com/retutils/gomitmproxy/proxy/proxy.go:102.52,105.3 2 0
github.com/retutils/gomitmproxy/proxy/proxy.go:108.78,109.32 1 1
github.com/retutils/gomitmproxy/proxy/proxy.go:109.32,111.3 1 1
github.com/retutils/gomitmproxy/proxy/proxy.go:112.2,112.34 1 1
github.com/retutils/gomitmproxy/proxy/proxy.go:112.34,114.3 1 1
github.com/retutils/gomitmproxy/proxy/proxy.go:115.2,116.40 2 1
github.com/retutils/gomitmproxy/proxy/proxy.go:119.95,121.16 2 1
github.com/retutils/gomitmproxy/proxy/proxy.go:121.16,123.3 1 1
github.com/retutils/gomitmproxy/proxy/proxy.go:124.2,126.21 3 1
github.com/retutils/gomitmproxy/proxy/proxy.go:126.21,128.3 1 0
github.com/retutils/gomitmproxy/proxy/proxy.go:128.8,130.3 1 1
github.com/retutils/gomitmproxy/proxy/proxy.go:131.2,131.18 1 1
github.com/retutils/gomitmproxy/proxy/proxy.go:134.101,136.2 1 1
github.com/retutils/gomitmproxy/proxy/websocket.go:31.92,35.16 3 1
github.com/retutils/gomitmproxy/proxy/websocket.go:35.16,39.3 3 0
github.com/retutils/gomitmproxy/proxy/websocket.go:41.2,42.16 2 1
github.com/retutils/gomitmproxy/proxy/websocket.go:42.16,46.3 3 0
github.com/retutils/gomitmproxy/proxy/websocket.go:47.2,50.34 3 1
github.com/retutils/gomitmproxy/proxy/websocket.go:50.34,52.3 1 0
github.com/retutils/gomitmproxy/proxy/websocket.go:53.2,54.16 2 1
github.com/retutils/gomitmproxy/proxy/websocket.go:54.16,57.3 2 0
github.com/retutils/gomitmproxy/proxy/websocket.go:58.2,61.16 3 1
github.com/retutils/gomitmproxy/proxy/websocket.go:61.16,64.3 2 0
github.com/retutils/gomitmproxy/proxy/websocket.go:65.2,65.28 1 1
